# JRE version: OpenJDK Runtime Environment (17.0.6) (build 17.0.6+0-b2043.56-9586694)
# Java VM: OpenJDK 64-Bit Server VM (17.0.6+0-b2043.56-9586694, mixed mode, tiered, compressed oops, compressed class ptrs, g1 gc, windows-amd64)
GC Precious Log:
 CPUs: 4 total, 4 available
 Memory: 3521M
 Large Page Support: Disabled
 NUMA Support: Disabled
 Compressed Oops: Enabled (32-bit)
 Heap Region Size: 1M
 Heap Min Capacity: 8M
 Heap Initial Capacity: 56M
 Heap Max Capacity: 2G
 Pre-touch: Disabled
 Parallel Workers: 4
 Concurrent Workers: 1
 Concurrent Refinement Workers: 4
 Periodic GC: Disabled
Heap:
 garbage-first heap   total 60416K, used 39825K [0x0000000080000000, 0x0000000100000000)
  region size 1024K, 10 young (10240K), 2 survivors (2048K)
 Metaspace       used 50645K, committed 51136K, reserved 1097728K
  class space    used 6716K, committed 6976K, reserved 1048576K
GC Heap History (20 events):
Event: 84.610 GC heap before
{Heap before GC invocations=9 (full 0):
 garbage-first heap   total 57344K, used 42935K [0x0000000080000000, 0x0000000100000000)
  region size 1024K, 24 young (24576K), 3 survivors (3072K)
 Metaspace       used 35270K, committed 35584K, reserved 1081344K
  class space    used 4877K, committed 5056K, reserved 1048576K
}
Event: 84.622 GC heap after
{Heap after GC invocations=10 (full 0):
 garbage-first heap   total 57344K, used 23007K [0x0000000080000000, 0x0000000100000000)
  region size 1024K, 3 young (3072K), 3 survivors (3072K)
 Metaspace       used 35270K, committed 35584K, reserved 1081344K
  class space    used 4877K, committed 5056K, reserved 1048576K
}
Event: 84.909 GC heap before
{Heap before GC invocations=10 (full 0):
 garbage-first heap   total 57344K, used 24031K [0x0000000080000000, 0x0000000100000000)
  region size 1024K, 5 young (5120K), 3 survivors (3072K)
 Metaspace       used 35666K, committed 35968K, reserved 1081344K
  class space    used 4894K, committed 5056K, reserved 1048576K
}
Event: 84.931 GC heap after
{Heap after GC invocations=11 (full 0):
 garbage-first heap   total 57344K, used 23697K [0x0000000080000000, 0x0000000100000000)
  region size 1024K, 3 young (3072K), 3 survivors (3072K)
 Metaspace       used 35666K, committed 35968K, reserved 1081344K
  class space    used 4894K, committed 5056K, reserved 1048576K
}
Event: 88.417 GC heap before
{Heap before GC invocations=12 (full 0):
 garbage-first heap   total 57344K, used 40081K [0x0000000080000000, 0x0000000100000000)
  region size 1024K, 20 young (20480K), 3 survivors (3072K)
 Metaspace       used 40483K, committed 40832K, reserved 1089536K
  class space    used 5375K, committed 5568K, reserved 1048576K
}
Event: 88.449 GC heap after
{Heap after GC invocations=13 (full 0):
 garbage-first heap   total 57344K, used 26325K [0x0000000080000000, 0x0000000100000000)
  region size 1024K, 3 young (3072K), 3 survivors (3072K)
 Metaspace       used 40483K, committed 40832K, reserved 1089536K
  class space    used 5375K, committed 5568K, reserved 1048576K
}
Event: 89.302 GC heap before
{Heap before GC invocations=13 (full 0):
 garbage-first heap   total 57344K, used 42709K [0x0000000080000000, 0x0000000100000000)
  region size 1024K, 19 young (19456K), 3 survivors (3072K)
 Metaspace       used 40710K, committed 41024K, reserved 1089536K
  class space    used 5401K, committed 5568K, reserved 1048576K
}
Event: 89.320 GC heap after
{Heap after GC invocations=14 (full 0):
 garbage-first heap   total 57344K, used 27366K [0x0000000080000000, 0x0000000100000000)
  region size 1024K, 2 young (2048K), 2 survivors (2048K)
 Metaspace       used 40710K, committed 41024K, reserved 1089536K
  class space    used 5401K, committed 5568K, reserved 1048576K
}
Event: 90.655 GC heap before
{Heap before GC invocations=14 (full 0):
 garbage-first heap   total 57344K, used 31462K [0x0000000080000000, 0x0000000100000000)
  region size 1024K, 8 young (8192K), 2 survivors (2048K)
 Metaspace       used 41194K, committed 41536K, reserved 1089536K
  class space    used 5459K, committed 5632K, reserved 1048576K
}
Event: 90.661 GC heap after
{Heap after GC invocations=15 (full 0):
 garbage-first heap   total 57344K, used 28466K [0x0000000080000000, 0x0000000100000000)
  region size 1024K, 3 young (3072K), 3 survivors (3072K)
 Metaspace       used 41194K, committed 41536K, reserved 1089536K
  class space    used 5459K, committed 5632K, reserved 1048576K
}
Event: 92.582 GC heap before
{Heap before GC invocations=16 (full 0):
 garbage-first heap   total 57344K, used 46898K [0x0000000080000000, 0x0000000100000000)
  region size 1024K, 18 young (18432K), 3 survivors (3072K)
 Metaspace       used 42803K, committed 43264K, reserved 1089536K
  class space    used 5613K, committed 5824K, reserved 1048576K
}
Event: 92.615 GC heap after
{Heap after GC invocations=17 (full 0):
 garbage-first heap   total 57344K, used 29432K [0x0000000080000000, 0x0000000100000000)
  region size 1024K, 3 young (3072K), 3 survivors (3072K)
 Metaspace       used 42803K, committed 43264K, reserved 1089536K
  class space    used 5613K, committed 5824K, reserved 1048576K
}
Event: 95.791 GC heap before
{Heap before GC invocations=17 (full 0):
 garbage-first heap   total 57344K, used 43768K [0x0000000080000000, 0x0000000100000000)
  region size 1024K, 17 young (17408K), 3 survivors (3072K)
 Metaspace       used 44428K, committed 44800K, reserved 1089536K
  class space    used 5868K, committed 6016K, reserved 1048576K
}
Event: 95.804 GC heap after
{Heap after GC invocations=18 (full 0):
 garbage-first heap   total 57344K, used 30983K [0x0000000080000000, 0x0000000100000000)
  region size 1024K, 3 young (3072K), 3 survivors (3072K)
 Metaspace       used 44428K, committed 44800K, reserved 1089536K
  class space    used 5868K, committed 6016K, reserved 1048576K
}
Event: 98.334 GC heap before
{Heap before GC invocations=19 (full 0):
 garbage-first heap   total 57344K, used 40199K [0x0000000080000000, 0x0000000100000000)
  region size 1024K, 14 young (14336K), 3 survivors (3072K)
 Metaspace       used 45952K, committed 46336K, reserved 1089536K
  class space    used 6099K, committed 6272K, reserved 1048576K
}
Event: 98.341 GC heap after
{Heap after GC invocations=20 (full 0):
 garbage-first heap   total 57344K, used 32116K [0x0000000080000000, 0x0000000100000000)
  region size 1024K, 3 young (3072K), 3 survivors (3072K)
 Metaspace       used 45952K, committed 46336K, reserved 1089536K
  class space    used 6099K, committed 6272K, reserved 1048576K
}
Event: 101.359 GC heap before
{Heap before GC invocations=21 (full 0):
 garbage-first heap   total 58368K, used 45428K [0x0000000080000000, 0x0000000100000000)
  region size 1024K, 16 young (16384K), 3 survivors (3072K)
 Metaspace       used 48073K, committed 48448K, reserved 1097728K
  class space    used 6355K, committed 6528K, reserved 1048576K
}
Event: 101.363 GC heap after
{Heap after GC invocations=22 (full 0):
 garbage-first heap   total 58368K, used 32240K [0x0000000080000000, 0x0000000100000000)
  region size 1024K, 2 young (2048K), 2 survivors (2048K)
 Metaspace       used 48073K, committed 48448K, reserved 1097728K
  class space    used 6355K, committed 6528K, reserved 1048576K
}
Event: 114.380 GC heap before
{Heap before GC invocations=22 (full 0):
 garbage-first heap   total 58368K, used 46576K [0x0000000080000000, 0x0000000100000000)
  region size 1024K, 16 young (16384K), 2 survivors (2048K)
 Metaspace       used 49954K, committed 50368K, reserved 1097728K
  class space    used 6613K, committed 6784K, reserved 1048576K
}
Event: 114.411 GC heap after
{Heap after GC invocations=23 (full 0):
 garbage-first heap   total 58368K, used 32657K [0x0000000080000000, 0x0000000100000000)
  region size 1024K, 2 young (2048K), 2 survivors (2048K)
 Metaspace       used 49954K, committed 50368K, reserved 1097728K
  class space    used 6613K, committed 6784K, reserved 1048576K
}

