# JRE version: OpenJDK Runtime Environment (17.0.6) (build 17.0.6+0-b2043.56-9586694)
# Java VM: OpenJDK 64-Bit Server VM (17.0.6+0-b2043.56-9586694, mixed mode, tiered, compressed oops, compressed class ptrs, g1 gc, windows-amd64)
GC Precious Log:
 CPUs: 4 total, 4 available
 Memory: 3521M
 Large Page Support: Disabled
 NUMA Support: Disabled
 Compressed Oops: Enabled (32-bit)
 Heap Region Size: 1M
 Heap Min Capacity: 8M
 Heap Initial Capacity: 56M
 Heap Max Capacity: 2G
 Pre-touch: Disabled
 Parallel Workers: 4
 Concurrent Workers: 1
 Concurrent Refinement Workers: 4
 Periodic GC: Disabled
Heap:
 garbage-first heap   total 406528K, used 163366K [0x0000000080000000, 0x0000000100000000)
  region size 1024K, 2 young (2048K), 2 survivors (2048K)
 Metaspace       used 122542K, committed 123328K, reserved 1163264K
  class space    used 16457K, committed 16832K, reserved 1048576K
GC Heap History (20 events):
Event: 65.080 GC heap after
{Heap after GC invocations=47 (full 0):
 garbage-first heap   total 390144K, used 143223K [0x0000000080000000, 0x0000000100000000)
  region size 1024K, 25 young (25600K), 25 survivors (25600K)
 Metaspace       used 120573K, committed 121344K, reserved 1155072K
  class space    used 16210K, committed 16576K, reserved 1048576K
}
Event: 65.383 GC heap before
{Heap before GC invocations=47 (full 0):
 garbage-first heap   total 390144K, used 144247K [0x0000000080000000, 0x0000000100000000)
  region size 1024K, 26 young (26624K), 25 survivors (25600K)
 Metaspace       used 120601K, committed 121344K, reserved 1155072K
  class space    used 16214K, committed 16576K, reserved 1048576K
}
Event: 65.569 GC heap after
{Heap after GC invocations=48 (full 0):
 garbage-first heap   total 390144K, used 144059K [0x0000000080000000, 0x0000000100000000)
  region size 1024K, 2 young (2048K), 2 survivors (2048K)
 Metaspace       used 120601K, committed 121344K, reserved 1155072K
  class space    used 16214K, committed 16576K, reserved 1048576K
}
Event: 74.068 GC heap before
{Heap before GC invocations=48 (full 0):
 garbage-first heap   total 390144K, used 297659K [0x0000000080000000, 0x0000000100000000)
  region size 1024K, 152 young (155648K), 2 survivors (2048K)
 Metaspace       used 121718K, committed 122496K, reserved 1155072K
  class space    used 16379K, committed 16768K, reserved 1048576K
}
Event: 74.096 GC heap after
{Heap after GC invocations=49 (full 0):
 garbage-first heap   total 390144K, used 148096K [0x0000000080000000, 0x0000000100000000)
  region size 1024K, 6 young (6144K), 6 survivors (6144K)
 Metaspace       used 121718K, committed 122496K, reserved 1155072K
  class space    used 16379K, committed 16768K, reserved 1048576K
}
Event: 78.873 GC heap before
{Heap before GC invocations=50 (full 0):
 garbage-first heap   total 406528K, used 305792K [0x0000000080000000, 0x0000000100000000)
  region size 1024K, 160 young (163840K), 6 survivors (6144K)
 Metaspace       used 122073K, committed 122816K, reserved 1155072K
  class space    used 16403K, committed 16768K, reserved 1048576K
}
Event: 78.884 GC heap after
{Heap after GC invocations=51 (full 0):
 garbage-first heap   total 406528K, used 143847K [0x0000000080000000, 0x0000000100000000)
  region size 1024K, 2 young (2048K), 2 survivors (2048K)
 Metaspace       used 122073K, committed 122816K, reserved 1155072K
  class space    used 16403K, committed 16768K, reserved 1048576K
}
Event: 79.027 GC heap before
{Heap before GC invocations=51 (full 0):
 garbage-first heap   total 406528K, used 160231K [0x0000000080000000, 0x0000000100000000)
  region size 1024K, 19 young (19456K), 2 survivors (2048K)
 Metaspace       used 122078K, committed 122816K, reserved 1155072K
  class space    used 16403K, committed 16768K, reserved 1048576K
}
Event: 79.051 GC heap after
{Heap after GC invocations=52 (full 0):
 garbage-first heap   total 406528K, used 144040K [0x0000000080000000, 0x0000000100000000)
  region size 1024K, 3 young (3072K), 3 survivors (3072K)
 Metaspace       used 122078K, committed 122816K, reserved 1155072K
  class space    used 16403K, committed 16768K, reserved 1048576K
}
Event: 82.253 GC heap before
{Heap before GC invocations=52 (full 0):
 garbage-first heap   total 406528K, used 326312K [0x0000000080000000, 0x0000000100000000)
  region size 1024K, 181 young (185344K), 3 survivors (3072K)
 Metaspace       used 122200K, committed 122944K, reserved 1155072K
  class space    used 16415K, committed 16768K, reserved 1048576K
}
Event: 82.275 GC heap after
{Heap after GC invocations=53 (full 0):
 garbage-first heap   total 406528K, used 146046K [0x0000000080000000, 0x0000000100000000)
  region size 1024K, 5 young (5120K), 5 survivors (5120K)
 Metaspace       used 122200K, committed 122944K, reserved 1155072K
  class space    used 16415K, committed 16768K, reserved 1048576K
}
Event: 87.276 GC heap before
{Heap before GC invocations=53 (full 0):
 garbage-first heap   total 406528K, used 332414K [0x0000000080000000, 0x0000000100000000)
  region size 1024K, 187 young (191488K), 5 survivors (5120K)
 Metaspace       used 122313K, committed 123072K, reserved 1163264K
  class space    used 16431K, committed 16832K, reserved 1048576K
}
Event: 87.330 GC heap after
{Heap after GC invocations=54 (full 0):
 garbage-first heap   total 406528K, used 147102K [0x0000000080000000, 0x0000000100000000)
  region size 1024K, 6 young (6144K), 6 survivors (6144K)
 Metaspace       used 122313K, committed 123072K, reserved 1163264K
  class space    used 16431K, committed 16832K, reserved 1048576K
}
Event: 91.627 GC heap before
{Heap before GC invocations=54 (full 0):
 garbage-first heap   total 406528K, used 337566K [0x0000000080000000, 0x0000000100000000)
  region size 1024K, 192 young (196608K), 6 survivors (6144K)
 Metaspace       used 122484K, committed 123264K, reserved 1163264K
  class space    used 16452K, committed 16832K, reserved 1048576K
}
Event: 91.672 GC heap after
{Heap after GC invocations=55 (full 0):
 garbage-first heap   total 406528K, used 146351K [0x0000000080000000, 0x0000000100000000)
  region size 1024K, 6 young (6144K), 6 survivors (6144K)
 Metaspace       used 122484K, committed 123264K, reserved 1163264K
  class space    used 16452K, committed 16832K, reserved 1048576K
}
Event: 97.604 GC heap before
{Heap before GC invocations=55 (full 0):
 garbage-first heap   total 406528K, used 340911K [0x0000000080000000, 0x0000000100000000)
  region size 1024K, 196 young (200704K), 6 survivors (6144K)
 Metaspace       used 122512K, committed 123328K, reserved 1163264K
  class space    used 16452K, committed 16832K, reserved 1048576K
}
Event: 98.036 GC heap after
{Heap after GC invocations=56 (full 0):
 garbage-first heap   total 406528K, used 164520K [0x0000000080000000, 0x0000000100000000)
  region size 1024K, 23 young (23552K), 23 survivors (23552K)
 Metaspace       used 122512K, committed 123328K, reserved 1163264K
  class space    used 16452K, committed 16832K, reserved 1048576K
}
Event: 98.056 GC heap before
{Heap before GC invocations=56 (full 0):
 garbage-first heap   total 406528K, used 164520K [0x0000000080000000, 0x0000000100000000)
  region size 1024K, 24 young (24576K), 23 survivors (23552K)
 Metaspace       used 122512K, committed 123328K, reserved 1163264K
  class space    used 16452K, committed 16832K, reserved 1048576K
}
Event: 98.487 GC heap after
{Heap after GC invocations=57 (full 0):
 garbage-first heap   total 406528K, used 163415K [0x0000000080000000, 0x0000000100000000)
  region size 1024K, 2 young (2048K), 2 survivors (2048K)
 Metaspace       used 122512K, committed 123328K, reserved 1163264K
  class space    used 16452K, committed 16832K, reserved 1048576K
}
Event: 100.321 GC heap before
{Heap before GC invocations=57 (full 0):
 garbage-first heap   total 406528K, used 321111K [0x0000000080000000, 0x0000000100000000)
  region size 1024K, 156 young (159744K), 2 survivors (2048K)
 Metaspace       used 122542K, committed 123328K, reserved 1163264K
  class space    used 16457K, committed 16832K, reserved 1048576K
}

