# JRE version: OpenJDK Runtime Environment (17.0.6) (build 17.0.6+0-b2043.56-9586694)
# Java VM: OpenJDK 64-Bit Server VM (17.0.6+0-b2043.56-9586694, mixed mode, tiered, compressed oops, compressed class ptrs, g1 gc, windows-amd64)
GC Precious Log:
 CPUs: 4 total, 4 available
 Memory: 3521M
 Large Page Support: Disabled
 NUMA Support: Disabled
 Compressed Oops: Enabled (32-bit)
 Heap Region Size: 1M
 Heap Min Capacity: 8M
 Heap Initial Capacity: 56M
 Heap Max Capacity: 2G
 Pre-touch: Disabled
 Parallel Workers: 4
 Concurrent Workers: 1
 Concurrent Refinement Workers: 4
 Periodic GC: Disabled
Heap:
 garbage-first heap   total 121856K, used 91803K [0x0000000080000000, 0x0000000100000000)
  region size 1024K, 33 young (33792K), 1 survivors (1024K)
 Metaspace       used 69916K, committed 70464K, reserved 1114112K
  class space    used 9149K, committed 9408K, reserved 1048576K
GC Heap History (20 events):
Event: 195.483 GC heap before
{Heap before GC invocations=44 (full 0):
 garbage-first heap   total 83968K, used 58324K [0x0000000080000000, 0x0000000100000000)
  region size 1024K, 11 young (11264K), 1 survivors (1024K)
 Metaspace       used 54697K, committed 55168K, reserved 1097728K
  class space    used 7189K, committed 7424K, reserved 1048576K
}
Event: 195.489 GC heap after
{Heap after GC invocations=45 (full 0):
 garbage-first heap   total 83968K, used 49382K [0x0000000080000000, 0x0000000100000000)
  region size 1024K, 1 young (1024K), 1 survivors (1024K)
 Metaspace       used 54697K, committed 55168K, reserved 1097728K
  class space    used 7189K, committed 7424K, reserved 1048576K
}
Event: 204.088 GC heap before
{Heap before GC invocations=46 (full 0):
 garbage-first heap   total 86016K, used 61670K [0x0000000080000000, 0x0000000100000000)
  region size 1024K, 13 young (13312K), 1 survivors (1024K)
 Metaspace       used 56483K, committed 56960K, reserved 1105920K
  class space    used 7413K, committed 7616K, reserved 1048576K
}
Event: 204.096 GC heap after
{Heap after GC invocations=47 (full 0):
 garbage-first heap   total 86016K, used 50010K [0x0000000080000000, 0x0000000100000000)
  region size 1024K, 2 young (2048K), 2 survivors (2048K)
 Metaspace       used 56483K, committed 56960K, reserved 1105920K
  class space    used 7413K, committed 7616K, reserved 1048576K
}
Event: 215.286 GC heap before
{Heap before GC invocations=47 (full 0):
 garbage-first heap   total 86016K, used 63322K [0x0000000080000000, 0x0000000100000000)
  region size 1024K, 15 young (15360K), 2 survivors (2048K)
 Metaspace       used 58606K, committed 59008K, reserved 1105920K
  class space    used 7687K, committed 7872K, reserved 1048576K
}
Event: 215.314 GC heap after
{Heap after GC invocations=48 (full 0):
 garbage-first heap   total 86016K, used 50362K [0x0000000080000000, 0x0000000100000000)
  region size 1024K, 2 young (2048K), 2 survivors (2048K)
 Metaspace       used 58606K, committed 59008K, reserved 1105920K
  class space    used 7687K, committed 7872K, reserved 1048576K
}
Event: 229.543 GC heap before
{Heap before GC invocations=49 (full 0):
 garbage-first heap   total 87040K, used 64698K [0x0000000080000000, 0x0000000100000000)
  region size 1024K, 17 young (17408K), 2 survivors (2048K)
 Metaspace       used 62064K, committed 62592K, reserved 1105920K
  class space    used 8147K, committed 8384K, reserved 1048576K
}
Event: 229.654 GC heap after
{Heap after GC invocations=50 (full 0):
 garbage-first heap   total 87040K, used 52222K [0x0000000080000000, 0x0000000100000000)
  region size 1024K, 3 young (3072K), 3 survivors (3072K)
 Metaspace       used 62064K, committed 62592K, reserved 1105920K
  class space    used 8147K, committed 8384K, reserved 1048576K
}
Event: 230.550 GC heap before
{Heap before GC invocations=50 (full 0):
 garbage-first heap   total 87040K, used 54270K [0x0000000080000000, 0x0000000100000000)
  region size 1024K, 6 young (6144K), 3 survivors (3072K)
 Metaspace       used 62409K, committed 62976K, reserved 1105920K
  class space    used 8190K, committed 8448K, reserved 1048576K
}
Event: 230.710 GC heap after
{Heap after GC invocations=51 (full 0):
 garbage-first heap   total 87040K, used 52678K [0x0000000080000000, 0x0000000100000000)
  region size 1024K, 2 young (2048K), 2 survivors (2048K)
 Metaspace       used 62409K, committed 62976K, reserved 1105920K
  class space    used 8190K, committed 8448K, reserved 1048576K
}
Event: 233.147 GC heap before
{Heap before GC invocations=52 (full 0):
 garbage-first heap   total 121856K, used 72134K [0x0000000080000000, 0x0000000100000000)
  region size 1024K, 16 young (16384K), 2 survivors (2048K)
 Metaspace       used 62742K, committed 63296K, reserved 1105920K
  class space    used 8246K, committed 8512K, reserved 1048576K
}
Event: 233.164 GC heap after
{Heap after GC invocations=53 (full 0):
 garbage-first heap   total 121856K, used 54138K [0x0000000080000000, 0x0000000100000000)
  region size 1024K, 2 young (2048K), 2 survivors (2048K)
 Metaspace       used 62742K, committed 63296K, reserved 1105920K
  class space    used 8246K, committed 8512K, reserved 1048576K
}
Event: 243.395 GC heap before
{Heap before GC invocations=53 (full 0):
 garbage-first heap   total 121856K, used 84858K [0x0000000080000000, 0x0000000100000000)
  region size 1024K, 32 young (32768K), 2 survivors (2048K)
 Metaspace       used 65358K, committed 65920K, reserved 1114112K
  class space    used 8571K, committed 8832K, reserved 1048576K
}
Event: 243.439 GC heap after
{Heap after GC invocations=54 (full 0):
 garbage-first heap   total 121856K, used 56647K [0x0000000080000000, 0x0000000100000000)
  region size 1024K, 4 young (4096K), 4 survivors (4096K)
 Metaspace       used 65358K, committed 65920K, reserved 1114112K
  class space    used 8571K, committed 8832K, reserved 1048576K
}
Event: 249.378 GC heap before
{Heap before GC invocations=54 (full 0):
 garbage-first heap   total 121856K, used 63815K [0x0000000080000000, 0x0000000100000000)
  region size 1024K, 12 young (12288K), 4 survivors (4096K)
 Metaspace       used 66157K, committed 66688K, reserved 1114112K
  class space    used 8650K, committed 8896K, reserved 1048576K
}
Event: 249.410 GC heap after
{Heap after GC invocations=55 (full 0):
 garbage-first heap   total 121856K, used 57863K [0x0000000080000000, 0x0000000100000000)
  region size 1024K, 4 young (4096K), 4 survivors (4096K)
 Metaspace       used 66157K, committed 66688K, reserved 1114112K
  class space    used 8650K, committed 8896K, reserved 1048576K
}
Event: 261.404 GC heap before
{Heap before GC invocations=56 (full 0):
 garbage-first heap   total 121856K, used 94727K [0x0000000080000000, 0x0000000100000000)
  region size 1024K, 39 young (39936K), 4 survivors (4096K)
 Metaspace       used 69544K, committed 70080K, reserved 1114112K
  class space    used 9109K, committed 9344K, reserved 1048576K
}
Event: 261.456 GC heap after
{Heap after GC invocations=57 (full 0):
 garbage-first heap   total 121856K, used 59872K [0x0000000080000000, 0x0000000100000000)
  region size 1024K, 3 young (3072K), 3 survivors (3072K)
 Metaspace       used 69544K, committed 70080K, reserved 1114112K
  class space    used 9109K, committed 9344K, reserved 1048576K
}
Event: 261.717 GC heap before
{Heap before GC invocations=57 (full 0):
 garbage-first heap   total 121856K, used 61920K [0x0000000080000000, 0x0000000100000000)
  region size 1024K, 5 young (5120K), 3 survivors (3072K)
 Metaspace       used 69648K, committed 70208K, reserved 1114112K
  class space    used 9135K, committed 9408K, reserved 1048576K
}
Event: 261.766 GC heap after
{Heap after GC invocations=58 (full 0):
 garbage-first heap   total 121856K, used 60059K [0x0000000080000000, 0x0000000100000000)
  region size 1024K, 1 young (1024K), 1 survivors (1024K)
 Metaspace       used 69648K, committed 70208K, reserved 1114112K
  class space    used 9135K, committed 9408K, reserved 1048576K
}

