# JRE version: OpenJDK Runtime Environment (17.0.6) (build 17.0.6+0-b2043.56-9586694)
# Java VM: OpenJDK 64-Bit Server VM (17.0.6+0-b2043.56-9586694, mixed mode, tiered, compressed oops, compressed class ptrs, g1 gc, windows-amd64)
GC Precious Log:
 CPUs: 4 total, 4 available
 Memory: 3521M
 Large Page Support: Disabled
 NUMA Support: Disabled
 Compressed Oops: Enabled (32-bit)
 Heap Region Size: 1M
 Heap Min Capacity: 8M
 Heap Initial Capacity: 56M
 Heap Max Capacity: 2G
 Pre-touch: Disabled
 Parallel Workers: 4
 Concurrent Workers: 1
 Concurrent Refinement Workers: 4
 Periodic GC: Disabled
Heap:
 garbage-first heap   total 110592K, used 83767K [0x0000000080000000, 0x0000000100000000)
  region size 1024K, 28 young (28672K), 4 survivors (4096K)
 Metaspace       used 69928K, committed 70528K, reserved 1114112K
  class space    used 9160K, committed 9472K, reserved 1048576K
GC Heap History (20 events):
Event: 244.263 GC heap before
{Heap before GC invocations=39 (full 0):
 garbage-first heap   total 86016K, used 58754K [0x0000000080000000, 0x0000000100000000)
  region size 1024K, 13 young (13312K), 2 survivors (2048K)
 Metaspace       used 54128K, committed 54656K, reserved 1097728K
  class space    used 7136K, committed 7360K, reserved 1048576K
}
Event: 244.356 GC heap after
{Heap after GC invocations=40 (full 0):
 garbage-first heap   total 86016K, used 48933K [0x0000000080000000, 0x0000000100000000)
  region size 1024K, 1 young (1024K), 1 survivors (1024K)
 Metaspace       used 54128K, committed 54656K, reserved 1097728K
  class space    used 7136K, committed 7360K, reserved 1048576K
}
Event: 257.802 GC heap before
{Heap before GC invocations=41 (full 0):
 garbage-first heap   total 86016K, used 61221K [0x0000000080000000, 0x0000000100000000)
  region size 1024K, 13 young (13312K), 1 survivors (1024K)
 Metaspace       used 55874K, committed 56320K, reserved 1105920K
  class space    used 7374K, committed 7552K, reserved 1048576K
}
Event: 257.887 GC heap after
{Heap after GC invocations=42 (full 0):
 garbage-first heap   total 86016K, used 49428K [0x0000000080000000, 0x0000000100000000)
  region size 1024K, 1 young (1024K), 1 survivors (1024K)
 Metaspace       used 55874K, committed 56320K, reserved 1105920K
  class space    used 7374K, committed 7552K, reserved 1048576K
}
Event: 262.605 GC heap before
{Heap before GC invocations=42 (full 0):
 garbage-first heap   total 86016K, used 62740K [0x0000000080000000, 0x0000000100000000)
  region size 1024K, 14 young (14336K), 1 survivors (1024K)
 Metaspace       used 58120K, committed 58688K, reserved 1105920K
  class space    used 7612K, committed 7872K, reserved 1048576K
}
Event: 262.715 GC heap after
{Heap after GC invocations=43 (full 0):
 garbage-first heap   total 86016K, used 49831K [0x0000000080000000, 0x0000000100000000)
  region size 1024K, 2 young (2048K), 2 survivors (2048K)
 Metaspace       used 58120K, committed 58688K, reserved 1105920K
  class space    used 7612K, committed 7872K, reserved 1048576K
}
Event: 269.666 GC heap before
{Heap before GC invocations=44 (full 0):
 garbage-first heap   total 89088K, used 64167K [0x0000000080000000, 0x0000000100000000)
  region size 1024K, 16 young (16384K), 2 survivors (2048K)
 Metaspace       used 60778K, committed 61312K, reserved 1105920K
  class space    used 8007K, committed 8256K, reserved 1048576K
}
Event: 269.727 GC heap after
{Heap after GC invocations=45 (full 0):
 garbage-first heap   total 89088K, used 50810K [0x0000000080000000, 0x0000000100000000)
  region size 1024K, 2 young (2048K), 2 survivors (2048K)
 Metaspace       used 60778K, committed 61312K, reserved 1105920K
  class space    used 8007K, committed 8256K, reserved 1048576K
}
Event: 271.650 GC heap before
{Heap before GC invocations=45 (full 0):
 garbage-first heap   total 89088K, used 54906K [0x0000000080000000, 0x0000000100000000)
  region size 1024K, 8 young (8192K), 2 survivors (2048K)
 Metaspace       used 62369K, committed 62912K, reserved 1105920K
  class space    used 8189K, committed 8384K, reserved 1048576K
}
Event: 271.682 GC heap after
{Heap after GC invocations=46 (full 0):
 garbage-first heap   total 89088K, used 52118K [0x0000000080000000, 0x0000000100000000)
  region size 1024K, 3 young (3072K), 3 survivors (3072K)
 Metaspace       used 62369K, committed 62912K, reserved 1105920K
  class space    used 8189K, committed 8384K, reserved 1048576K
}
Event: 271.990 GC heap before
{Heap before GC invocations=47 (full 0):
 garbage-first heap   total 92160K, used 58262K [0x0000000080000000, 0x0000000100000000)
  region size 1024K, 7 young (7168K), 3 survivors (3072K)
 Metaspace       used 62369K, committed 62912K, reserved 1105920K
  class space    used 8189K, committed 8384K, reserved 1048576K
}
Event: 272.015 GC heap after
{Heap after GC invocations=48 (full 0):
 garbage-first heap   total 110592K, used 56267K [0x0000000080000000, 0x0000000100000000)
  region size 1024K, 3 young (3072K), 3 survivors (3072K)
 Metaspace       used 62369K, committed 62912K, reserved 1105920K
  class space    used 8189K, committed 8384K, reserved 1048576K
}
Event: 275.260 GC heap before
{Heap before GC invocations=49 (full 0):
 garbage-first heap   total 110592K, used 80843K [0x0000000080000000, 0x0000000100000000)
  region size 1024K, 24 young (24576K), 3 survivors (3072K)
 Metaspace       used 63936K, committed 64448K, reserved 1105920K
  class space    used 8400K, committed 8640K, reserved 1048576K
}
Event: 275.298 GC heap after
{Heap after GC invocations=50 (full 0):
 garbage-first heap   total 110592K, used 54744K [0x0000000080000000, 0x0000000100000000)
  region size 1024K, 2 young (2048K), 2 survivors (2048K)
 Metaspace       used 63936K, committed 64448K, reserved 1105920K
  class space    used 8400K, committed 8640K, reserved 1048576K
}
Event: 282.820 GC heap before
{Heap before GC invocations=50 (full 0):
 garbage-first heap   total 110592K, used 79320K [0x0000000080000000, 0x0000000100000000)
  region size 1024K, 27 young (27648K), 2 survivors (2048K)
 Metaspace       used 65948K, committed 66496K, reserved 1114112K
  class space    used 8646K, committed 8896K, reserved 1048576K
}
Event: 282.868 GC heap after
{Heap after GC invocations=51 (full 0):
 garbage-first heap   total 110592K, used 56770K [0x0000000080000000, 0x0000000100000000)
  region size 1024K, 4 young (4096K), 4 survivors (4096K)
 Metaspace       used 65948K, committed 66496K, reserved 1114112K
  class space    used 8646K, committed 8896K, reserved 1048576K
}
Event: 295.571 GC heap before
{Heap before GC invocations=52 (full 0):
 garbage-first heap   total 110592K, used 82370K [0x0000000080000000, 0x0000000100000000)
  region size 1024K, 29 young (29696K), 4 survivors (4096K)
 Metaspace       used 68796K, committed 69312K, reserved 1114112K
  class space    used 9019K, committed 9280K, reserved 1048576K
}
Event: 295.684 GC heap after
{Heap after GC invocations=53 (full 0):
 garbage-first heap   total 110592K, used 58178K [0x0000000080000000, 0x0000000100000000)
  region size 1024K, 2 young (2048K), 2 survivors (2048K)
 Metaspace       used 68796K, committed 69312K, reserved 1114112K
  class space    used 9019K, committed 9280K, reserved 1048576K
}
Event: 301.303 GC heap before
{Heap before GC invocations=53 (full 0):
 garbage-first heap   total 110592K, used 83778K [0x0000000080000000, 0x0000000100000000)
  region size 1024K, 27 young (27648K), 2 survivors (2048K)
 Metaspace       used 69637K, committed 70208K, reserved 1114112K
  class space    used 9137K, committed 9408K, reserved 1048576K
}
Event: 301.518 GC heap after
{Heap after GC invocations=54 (full 0):
 garbage-first heap   total 110592K, used 60215K [0x0000000080000000, 0x0000000100000000)
  region size 1024K, 4 young (4096K), 4 survivors (4096K)
 Metaspace       used 69637K, committed 70208K, reserved 1114112K
  class space    used 9137K, committed 9408K, reserved 1048576K
}

