# JRE version: OpenJDK Runtime Environment (17.0.6) (build 17.0.6+0-b2043.56-9586694)
# Java VM: OpenJDK 64-Bit Server VM (17.0.6+0-b2043.56-9586694, mixed mode, tiered, compressed oops, compressed class ptrs, g1 gc, windows-amd64)
GC Precious Log:
 CPUs: 4 total, 4 available
 Memory: 3521M
 Large Page Support: Disabled
 NUMA Support: Disabled
 Compressed Oops: Enabled (32-bit)
 Heap Region Size: 1M
 Heap Min Capacity: 8M
 Heap Initial Capacity: 56M
 Heap Max Capacity: 2G
 Pre-touch: Disabled
 Parallel Workers: 4
 Concurrent Workers: 1
 Concurrent Refinement Workers: 4
 Periodic GC: Disabled
Heap:
 garbage-first heap   total 432128K, used 231002K [0x0000000080000000, 0x0000000100000000)
  region size 1024K, 8 young (8192K), 8 survivors (8192K)
 Metaspace       used 127065K, committed 128064K, reserved 1163264K
  class space    used 16721K, committed 17216K, reserved 1048576K
GC Heap History (20 events):
Event: 37.039 GC heap after
{Heap after GC invocations=57 (full 0):
 garbage-first heap   total 307200K, used 183817K [0x0000000080000000, 0x0000000100000000)
  region size 1024K, 8 young (8192K), 8 survivors (8192K)
 Metaspace       used 99441K, committed 100160K, reserved 1138688K
  class space    used 13297K, committed 13632K, reserved 1048576K
}
Event: 37.301 GC heap before
{Heap before GC invocations=57 (full 0):
 garbage-first heap   total 307200K, used 190985K [0x0000000080000000, 0x0000000100000000)
  region size 1024K, 15 young (15360K), 8 survivors (8192K)
 Metaspace       used 100616K, committed 101376K, reserved 1138688K
  class space    used 13492K, committed 13824K, reserved 1048576K
}
Event: 37.327 GC heap after
{Heap after GC invocations=58 (full 0):
 garbage-first heap   total 307200K, used 185510K [0x0000000080000000, 0x0000000100000000)
  region size 1024K, 2 young (2048K), 2 survivors (2048K)
 Metaspace       used 100616K, committed 101376K, reserved 1138688K
  class space    used 13492K, committed 13824K, reserved 1048576K
}
Event: 39.718 GC heap before
{Heap before GC invocations=58 (full 0):
 garbage-first heap   total 307200K, used 250022K [0x0000000080000000, 0x0000000100000000)
  region size 1024K, 65 young (66560K), 2 survivors (2048K)
 Metaspace       used 107843K, committed 108608K, reserved 1146880K
  class space    used 14448K, committed 14784K, reserved 1048576K
}
Event: 39.733 GC heap after
{Heap after GC invocations=59 (full 0):
 garbage-first heap   total 307200K, used 190291K [0x0000000080000000, 0x0000000100000000)
  region size 1024K, 6 young (6144K), 6 survivors (6144K)
 Metaspace       used 107843K, committed 108608K, reserved 1146880K
  class space    used 14448K, committed 14784K, reserved 1048576K
}
Event: 41.709 GC heap before
{Heap before GC invocations=60 (full 0):
 garbage-first heap   total 331776K, used 249683K [0x0000000080000000, 0x0000000100000000)
  region size 1024K, 65 young (66560K), 6 survivors (6144K)
 Metaspace       used 108800K, committed 109568K, reserved 1146880K
  class space    used 14506K, committed 14848K, reserved 1048576K
}
Event: 41.743 GC heap after
{Heap after GC invocations=61 (full 0):
 garbage-first heap   total 331776K, used 194854K [0x0000000080000000, 0x0000000100000000)
  region size 1024K, 5 young (5120K), 5 survivors (5120K)
 Metaspace       used 108800K, committed 109568K, reserved 1146880K
  class space    used 14506K, committed 14848K, reserved 1048576K
}
Event: 42.014 GC heap before
{Heap before GC invocations=61 (full 0):
 garbage-first heap   total 331776K, used 205094K [0x0000000080000000, 0x0000000100000000)
  region size 1024K, 16 young (16384K), 5 survivors (5120K)
 Metaspace       used 109029K, committed 109824K, reserved 1146880K
  class space    used 14519K, committed 14848K, reserved 1048576K
}
Event: 42.033 GC heap after
{Heap after GC invocations=62 (full 0):
 garbage-first heap   total 331776K, used 195673K [0x0000000080000000, 0x0000000100000000)
  region size 1024K, 2 young (2048K), 2 survivors (2048K)
 Metaspace       used 109029K, committed 109824K, reserved 1146880K
  class space    used 14519K, committed 14848K, reserved 1048576K
}
Event: 43.223 GC heap before
{Heap before GC invocations=62 (full 0):
 garbage-first heap   total 331776K, used 274521K [0x0000000080000000, 0x0000000100000000)
  region size 1024K, 79 young (80896K), 2 survivors (2048K)
 Metaspace       used 114574K, committed 115328K, reserved 1155072K
  class space    used 15268K, committed 15616K, reserved 1048576K
}
Event: 43.236 GC heap after
{Heap after GC invocations=63 (full 0):
 garbage-first heap   total 331776K, used 200386K [0x0000000080000000, 0x0000000100000000)
  region size 1024K, 6 young (6144K), 6 survivors (6144K)
 Metaspace       used 114574K, committed 115328K, reserved 1155072K
  class space    used 15268K, committed 15616K, reserved 1048576K
}
Event: 136.635 GC heap before
{Heap before GC invocations=63 (full 0):
 garbage-first heap   total 331776K, used 276162K [0x0000000080000000, 0x0000000100000000)
  region size 1024K, 81 young (82944K), 6 survivors (6144K)
 Metaspace       used 121418K, committed 122368K, reserved 1155072K
  class space    used 15950K, committed 16384K, reserved 1048576K
}
Event: 136.839 GC heap after
{Heap after GC invocations=64 (full 0):
 garbage-first heap   total 331776K, used 206382K [0x0000000080000000, 0x0000000100000000)
  region size 1024K, 11 young (11264K), 11 survivors (11264K)
 Metaspace       used 121418K, committed 122368K, reserved 1155072K
  class space    used 15950K, committed 16384K, reserved 1048576K
}
Event: 139.640 GC heap before
{Heap before GC invocations=64 (full 0):
 garbage-first heap   total 331776K, used 277038K [0x0000000080000000, 0x0000000100000000)
  region size 1024K, 81 young (82944K), 11 survivors (11264K)
 Metaspace       used 123576K, committed 124544K, reserved 1163264K
  class space    used 16198K, committed 16704K, reserved 1048576K
}
Event: 139.725 GC heap after
{Heap after GC invocations=65 (full 0):
 garbage-first heap   total 331776K, used 215441K [0x0000000080000000, 0x0000000100000000)
  region size 1024K, 9 young (9216K), 9 survivors (9216K)
 Metaspace       used 123576K, committed 124544K, reserved 1163264K
  class space    used 16198K, committed 16704K, reserved 1048576K
}
Event: 141.412 GC heap before
{Heap before GC invocations=66 (full 0):
 garbage-first heap   total 432128K, used 268689K [0x0000000080000000, 0x0000000100000000)
  region size 1024K, 62 young (63488K), 9 survivors (9216K)
 Metaspace       used 124349K, committed 125248K, reserved 1163264K
  class space    used 16325K, committed 16768K, reserved 1048576K
}
Event: 141.471 GC heap after
{Heap after GC invocations=67 (full 0):
 garbage-first heap   total 432128K, used 223232K [0x0000000080000000, 0x0000000100000000)
  region size 1024K, 8 young (8192K), 8 survivors (8192K)
 Metaspace       used 124349K, committed 125248K, reserved 1163264K
  class space    used 16325K, committed 16768K, reserved 1048576K
}
Event: 141.840 GC heap before
{Heap before GC invocations=67 (full 0):
 garbage-first heap   total 432128K, used 235520K [0x0000000080000000, 0x0000000100000000)
  region size 1024K, 21 young (21504K), 8 survivors (8192K)
 Metaspace       used 124416K, committed 125312K, reserved 1163264K
  class space    used 16329K, committed 16768K, reserved 1048576K
}
Event: 141.899 GC heap after
{Heap after GC invocations=68 (full 0):
 garbage-first heap   total 432128K, used 224471K [0x0000000080000000, 0x0000000100000000)
  region size 1024K, 2 young (2048K), 2 survivors (2048K)
 Metaspace       used 124416K, committed 125312K, reserved 1163264K
  class space    used 16329K, committed 16768K, reserved 1048576K
}
Event: 147.390 GC heap before
{Heap before GC invocations=68 (full 0):
 garbage-first heap   total 432128K, used 340183K [0x0000000080000000, 0x0000000100000000)
  region size 1024K, 116 young (118784K), 2 survivors (2048K)
 Metaspace       used 127065K, committed 128064K, reserved 1163264K
  class space    used 16721K, committed 17216K, reserved 1048576K
}

