# JRE version: OpenJDK Runtime Environment (17.0.6) (build 17.0.6+0-b2043.56-9586694)
# Java VM: OpenJDK 64-Bit Server VM (17.0.6+0-b2043.56-9586694, mixed mode, tiered, compressed oops, compressed class ptrs, g1 gc, windows-amd64)
GC Precious Log:
 CPUs: 4 total, 4 available
 Memory: 3521M
 Large Page Support: Disabled
 NUMA Support: Disabled
 Compressed Oops: Enabled (32-bit)
 Heap Region Size: 1M
 Heap Min Capacity: 8M
 Heap Initial Capacity: 56M
 Heap Max Capacity: 2G
 Pre-touch: Disabled
 Parallel Workers: 4
 Concurrent Workers: 1
 Concurrent Refinement Workers: 4
 Periodic GC: Disabled
Heap:
 garbage-first heap   total 112640K, used 92386K [0x0000000080000000, 0x0000000100000000)
  region size 1024K, 27 young (27648K), 2 survivors (2048K)
 Metaspace       used 79231K, committed 79808K, reserved 1122304K
  class space    used 10681K, committed 10944K, reserved 1048576K
GC Heap History (20 events):
Event: 229.874 GC heap before
{Heap before GC invocations=50 (full 0):
 garbage-first heap   total 104448K, used 74842K [0x0000000080000000, 0x0000000100000000)
  region size 1024K, 19 young (19456K), 2 survivors (2048K)
 Metaspace       used 65134K, committed 65600K, reserved 1105920K
  class space    used 8539K, committed 8768K, reserved 1048576K
}
Event: 229.893 GC heap after
{Heap after GC invocations=51 (full 0):
 garbage-first heap   total 104448K, used 59932K [0x0000000080000000, 0x0000000100000000)
  region size 1024K, 3 young (3072K), 3 survivors (3072K)
 Metaspace       used 65134K, committed 65600K, reserved 1105920K
  class space    used 8539K, committed 8768K, reserved 1048576K
}
Event: 232.654 GC heap before
{Heap before GC invocations=52 (full 0):
 garbage-first heap   total 104448K, used 68124K [0x0000000080000000, 0x0000000100000000)
  region size 1024K, 15 young (15360K), 3 survivors (3072K)
 Metaspace       used 66136K, committed 66688K, reserved 1114112K
  class space    used 8651K, committed 8896K, reserved 1048576K
}
Event: 232.698 GC heap after
{Heap after GC invocations=53 (full 0):
 garbage-first heap   total 104448K, used 58130K [0x0000000080000000, 0x0000000100000000)
  region size 1024K, 2 young (2048K), 2 survivors (2048K)
 Metaspace       used 66136K, committed 66688K, reserved 1114112K
  class space    used 8651K, committed 8896K, reserved 1048576K
}
Event: 241.016 GC heap before
{Heap before GC invocations=54 (full 0):
 garbage-first heap   total 104448K, used 79634K [0x0000000080000000, 0x0000000100000000)
  region size 1024K, 22 young (22528K), 2 survivors (2048K)
 Metaspace       used 68417K, committed 68992K, reserved 1114112K
  class space    used 8968K, committed 9216K, reserved 1048576K
}
Event: 241.037 GC heap after
{Heap after GC invocations=55 (full 0):
 garbage-first heap   total 104448K, used 58580K [0x0000000080000000, 0x0000000100000000)
  region size 1024K, 2 young (2048K), 2 survivors (2048K)
 Metaspace       used 68417K, committed 68992K, reserved 1114112K
  class space    used 8968K, committed 9216K, reserved 1048576K
}
Event: 242.486 GC heap before
{Heap before GC invocations=55 (full 0):
 garbage-first heap   total 104448K, used 61652K [0x0000000080000000, 0x0000000100000000)
  region size 1024K, 5 young (5120K), 2 survivors (2048K)
 Metaspace       used 68770K, committed 69312K, reserved 1114112K
  class space    used 9013K, committed 9280K, reserved 1048576K
}
Event: 242.501 GC heap after
{Heap after GC invocations=56 (full 0):
 garbage-first heap   total 104448K, used 58346K [0x0000000080000000, 0x0000000100000000)
  region size 1024K, 1 young (1024K), 1 survivors (1024K)
 Metaspace       used 68770K, committed 69312K, reserved 1114112K
  class space    used 9013K, committed 9280K, reserved 1048576K
}
Event: 257.606 GC heap before
{Heap before GC invocations=56 (full 0):
 garbage-first heap   total 104448K, used 79850K [0x0000000080000000, 0x0000000100000000)
  region size 1024K, 22 young (22528K), 1 survivors (1024K)
 Metaspace       used 69658K, committed 70272K, reserved 1114112K
  class space    used 9136K, committed 9408K, reserved 1048576K
}
Event: 257.676 GC heap after
{Heap after GC invocations=57 (full 0):
 garbage-first heap   total 104448K, used 60093K [0x0000000080000000, 0x0000000100000000)
  region size 1024K, 3 young (3072K), 3 survivors (3072K)
 Metaspace       used 69658K, committed 70272K, reserved 1114112K
  class space    used 9136K, committed 9408K, reserved 1048576K
}
Event: 259.222 GC heap before
{Heap before GC invocations=57 (full 0):
 garbage-first heap   total 104448K, used 81597K [0x0000000080000000, 0x0000000100000000)
  region size 1024K, 24 young (24576K), 3 survivors (3072K)
 Metaspace       used 69701K, committed 70272K, reserved 1114112K
  class space    used 9142K, committed 9408K, reserved 1048576K
}
Event: 259.262 GC heap after
{Heap after GC invocations=58 (full 0):
 garbage-first heap   total 104448K, used 62109K [0x0000000080000000, 0x0000000100000000)
  region size 1024K, 2 young (2048K), 2 survivors (2048K)
 Metaspace       used 69701K, committed 70272K, reserved 1114112K
  class space    used 9142K, committed 9408K, reserved 1048576K
}
Event: 266.487 GC heap before
{Heap before GC invocations=59 (full 0):
 garbage-first heap   total 106496K, used 83613K [0x0000000080000000, 0x0000000100000000)
  region size 1024K, 23 young (23552K), 2 survivors (2048K)
 Metaspace       used 71556K, committed 72128K, reserved 1114112K
  class space    used 9388K, committed 9664K, reserved 1048576K
}
Event: 266.536 GC heap after
{Heap after GC invocations=60 (full 0):
 garbage-first heap   total 106496K, used 64097K [0x0000000080000000, 0x0000000100000000)
  region size 1024K, 2 young (2048K), 2 survivors (2048K)
 Metaspace       used 71556K, committed 72128K, reserved 1114112K
  class space    used 9388K, committed 9664K, reserved 1048576K
}
Event: 274.274 GC heap before
{Heap before GC invocations=60 (full 0):
 garbage-first heap   total 106496K, used 85601K [0x0000000080000000, 0x0000000100000000)
  region size 1024K, 23 young (23552K), 2 survivors (2048K)
 Metaspace       used 74290K, committed 74816K, reserved 1114112K
  class space    used 9944K, committed 10176K, reserved 1048576K
}
Event: 274.341 GC heap after
{Heap after GC invocations=61 (full 0):
 garbage-first heap   total 106496K, used 65502K [0x0000000080000000, 0x0000000100000000)
  region size 1024K, 2 young (2048K), 2 survivors (2048K)
 Metaspace       used 74290K, committed 74816K, reserved 1114112K
  class space    used 9944K, committed 10176K, reserved 1048576K
}
Event: 285.995 GC heap before
{Heap before GC invocations=62 (full 0):
 garbage-first heap   total 112640K, used 87006K [0x0000000080000000, 0x0000000100000000)
  region size 1024K, 23 young (23552K), 2 survivors (2048K)
 Metaspace       used 76505K, committed 77056K, reserved 1122304K
  class space    used 10264K, committed 10496K, reserved 1048576K
}
Event: 286.016 GC heap after
{Heap after GC invocations=63 (full 0):
 garbage-first heap   total 112640K, used 66835K [0x0000000080000000, 0x0000000100000000)
  region size 1024K, 3 young (3072K), 3 survivors (3072K)
 Metaspace       used 76505K, committed 77056K, reserved 1122304K
  class space    used 10264K, committed 10496K, reserved 1048576K
}
Event: 287.563 GC heap before
{Heap before GC invocations=63 (full 0):
 garbage-first heap   total 112640K, used 68883K [0x0000000080000000, 0x0000000100000000)
  region size 1024K, 5 young (5120K), 3 survivors (3072K)
 Metaspace       used 76668K, committed 77312K, reserved 1122304K
  class space    used 10291K, committed 10560K, reserved 1048576K
}
Event: 287.587 GC heap after
{Heap after GC invocations=64 (full 0):
 garbage-first heap   total 112640K, used 66786K [0x0000000080000000, 0x0000000100000000)
  region size 1024K, 1 young (1024K), 1 survivors (1024K)
 Metaspace       used 76668K, committed 77312K, reserved 1122304K
  class space    used 10291K, committed 10560K, reserved 1048576K
}

