# JRE version: OpenJDK Runtime Environment (17.0.6) (build 17.0.6+0-b2043.56-9586694)
# Java VM: OpenJDK 64-Bit Server VM (17.0.6+0-b2043.56-9586694, mixed mode, tiered, compressed oops, compressed class ptrs, g1 gc, windows-amd64)
GC Precious Log:
 CPUs: 4 total, 4 available
 Memory: 3521M
 Large Page Support: Disabled
 NUMA Support: Disabled
 Compressed Oops: Enabled (32-bit)
 Heap Region Size: 1M
 Heap Min Capacity: 8M
 Heap Initial Capacity: 56M
 Heap Max Capacity: 2G
 Pre-touch: Disabled
 Parallel Workers: 4
 Concurrent Workers: 1
 Concurrent Refinement Workers: 4
 Periodic GC: Disabled
Heap:
 garbage-first heap   total 57344K, used 31122K [0x0000000080000000, 0x0000000100000000)
  region size 1024K, 13 young (13312K), 3 survivors (3072K)
 Metaspace       used 32926K, committed 33216K, reserved 1081344K
  class space    used 4534K, committed 4672K, reserved 1048576K
GC Heap History (16 events):
Event: 10.786 GC heap before
{Heap before GC invocations=0 (full 0):
 garbage-first heap   total 57344K, used 12288K [0x0000000080000000, 0x0000000100000000)
  region size 1024K, 13 young (13312K), 0 survivors (0K)
 Metaspace       used 7079K, committed 7232K, reserved 1056768K
  class space    used 608K, committed 704K, reserved 1048576K
}
Event: 11.041 GC heap after
{Heap after GC invocations=1 (full 0):
 garbage-first heap   total 57344K, used 3663K [0x0000000080000000, 0x0000000100000000)
  region size 1024K, 2 young (2048K), 2 survivors (2048K)
 Metaspace       used 7079K, committed 7232K, reserved 1056768K
  class space    used 608K, committed 704K, reserved 1048576K
}
Event: 22.521 GC heap before
{Heap before GC invocations=1 (full 0):
 garbage-first heap   total 57344K, used 21071K [0x0000000080000000, 0x0000000100000000)
  region size 1024K, 17 young (17408K), 2 survivors (2048K)
 Metaspace       used 11077K, committed 11264K, reserved 1064960K
  class space    used 1163K, committed 1280K, reserved 1048576K
}
Event: 22.527 GC heap after
{Heap after GC invocations=2 (full 0):
 garbage-first heap   total 57344K, used 9513K [0x0000000080000000, 0x0000000100000000)
  region size 1024K, 3 young (3072K), 3 survivors (3072K)
 Metaspace       used 11077K, committed 11264K, reserved 1064960K
  class space    used 1163K, committed 1280K, reserved 1048576K
}
Event: 33.422 GC heap before
{Heap before GC invocations=2 (full 0):
 garbage-first heap   total 57344K, used 26921K [0x0000000080000000, 0x0000000100000000)
  region size 1024K, 20 young (20480K), 3 survivors (3072K)
 Metaspace       used 11149K, committed 11328K, reserved 1064960K
  class space    used 1164K, committed 1280K, reserved 1048576K
}
Event: 33.427 GC heap after
{Heap after GC invocations=3 (full 0):
 garbage-first heap   total 57344K, used 10221K [0x0000000080000000, 0x0000000100000000)
  region size 1024K, 1 young (1024K), 1 survivors (1024K)
 Metaspace       used 11149K, committed 11328K, reserved 1064960K
  class space    used 1164K, committed 1280K, reserved 1048576K
}
Event: 57.202 GC heap before
{Heap before GC invocations=3 (full 0):
 garbage-first heap   total 57344K, used 38893K [0x0000000080000000, 0x0000000100000000)
  region size 1024K, 28 young (28672K), 1 survivors (1024K)
 Metaspace       used 17776K, committed 18048K, reserved 1064960K
  class space    used 2054K, committed 2176K, reserved 1048576K
}
Event: 57.250 GC heap after
{Heap after GC invocations=4 (full 0):
 garbage-first heap   total 57344K, used 16900K [0x0000000080000000, 0x0000000100000000)
  region size 1024K, 4 young (4096K), 4 survivors (4096K)
 Metaspace       used 17776K, committed 18048K, reserved 1064960K
  class space    used 2054K, committed 2176K, reserved 1048576K
}
Event: 65.596 GC heap before
{Heap before GC invocations=4 (full 0):
 garbage-first heap   total 57344K, used 33284K [0x0000000080000000, 0x0000000100000000)
  region size 1024K, 21 young (21504K), 4 survivors (4096K)
 Metaspace       used 21296K, committed 21504K, reserved 1073152K
  class space    used 2577K, committed 2688K, reserved 1048576K
}
Event: 65.605 GC heap after
{Heap after GC invocations=5 (full 0):
 garbage-first heap   total 57344K, used 18236K [0x0000000080000000, 0x0000000100000000)
  region size 1024K, 2 young (2048K), 2 survivors (2048K)
 Metaspace       used 21296K, committed 21504K, reserved 1073152K
  class space    used 2577K, committed 2688K, reserved 1048576K
}
Event: 70.636 GC heap before
{Heap before GC invocations=6 (full 0):
 garbage-first heap   total 57344K, used 38716K [0x0000000080000000, 0x0000000100000000)
  region size 1024K, 22 young (22528K), 2 survivors (2048K)
 Metaspace       used 24524K, committed 24832K, reserved 1073152K
  class space    used 3176K, committed 3328K, reserved 1048576K
}
Event: 70.640 GC heap after
{Heap after GC invocations=7 (full 0):
 garbage-first heap   total 57344K, used 19469K [0x0000000080000000, 0x0000000100000000)
  region size 1024K, 3 young (3072K), 3 survivors (3072K)
 Metaspace       used 24524K, committed 24832K, reserved 1073152K
  class space    used 3176K, committed 3328K, reserved 1048576K
}
Event: 75.781 GC heap before
{Heap before GC invocations=7 (full 0):
 garbage-first heap   total 57344K, used 39949K [0x0000000080000000, 0x0000000100000000)
  region size 1024K, 24 young (24576K), 3 survivors (3072K)
 Metaspace       used 28383K, committed 28608K, reserved 1081344K
  class space    used 3813K, committed 3904K, reserved 1048576K
}
Event: 75.788 GC heap after
{Heap after GC invocations=8 (full 0):
 garbage-first heap   total 57344K, used 20838K [0x0000000080000000, 0x0000000100000000)
  region size 1024K, 3 young (3072K), 3 survivors (3072K)
 Metaspace       used 28383K, committed 28608K, reserved 1081344K
  class space    used 3813K, committed 3904K, reserved 1048576K
}
Event: 79.568 GC heap before
{Heap before GC invocations=8 (full 0):
 garbage-first heap   total 57344K, used 42342K [0x0000000080000000, 0x0000000100000000)
  region size 1024K, 24 young (24576K), 3 survivors (3072K)
 Metaspace       used 31452K, committed 31744K, reserved 1081344K
  class space    used 4284K, committed 4416K, reserved 1048576K
}
Event: 79.576 GC heap after
{Heap after GC invocations=9 (full 0):
 garbage-first heap   total 57344K, used 21906K [0x0000000080000000, 0x0000000100000000)
  region size 1024K, 3 young (3072K), 3 survivors (3072K)
 Metaspace       used 31452K, committed 31744K, reserved 1081344K
  class space    used 4284K, committed 4416K, reserved 1048576K
}

