# JRE version: OpenJDK Runtime Environment (17.0.6) (build 17.0.6+0-b2043.56-9586694)
# Java VM: OpenJDK 64-Bit Server VM (17.0.6+0-b2043.56-9586694, mixed mode, tiered, compressed oops, compressed class ptrs, g1 gc, windows-amd64)
GC Precious Log:
 CPUs: 4 total, 4 available
 Memory: 3521M
 Large Page Support: Disabled
 NUMA Support: Disabled
 Compressed Oops: Enabled (32-bit)
 Heap Region Size: 1M
 Heap Min Capacity: 8M
 Heap Initial Capacity: 56M
 Heap Max Capacity: 2G
 Pre-touch: Disabled
 Parallel Workers: 4
 Concurrent Workers: 1
 Concurrent Refinement Workers: 4
 Periodic GC: Disabled
Heap:
 garbage-first heap   total 57344K, used 37032K [0x0000000080000000, 0x0000000100000000)
  region size 1024K, 19 young (19456K), 3 survivors (3072K)
 Metaspace       used 34061K, committed 34368K, reserved 1081344K
  class space    used 4701K, committed 4800K, reserved 1048576K
GC Heap History (16 events):
Event: 13.261 GC heap before
{Heap before GC invocations=0 (full 0):
 garbage-first heap   total 57344K, used 12288K [0x0000000080000000, 0x0000000100000000)
  region size 1024K, 13 young (13312K), 0 survivors (0K)
 Metaspace       used 7076K, committed 7232K, reserved 1056768K
  class space    used 608K, committed 704K, reserved 1048576K
}
Event: 13.612 GC heap after
{Heap after GC invocations=1 (full 0):
 garbage-first heap   total 57344K, used 3663K [0x0000000080000000, 0x0000000100000000)
  region size 1024K, 2 young (2048K), 2 survivors (2048K)
 Metaspace       used 7076K, committed 7232K, reserved 1056768K
  class space    used 608K, committed 704K, reserved 1048576K
}
Event: 25.578 GC heap before
{Heap before GC invocations=1 (full 0):
 garbage-first heap   total 57344K, used 21071K [0x0000000080000000, 0x0000000100000000)
  region size 1024K, 17 young (17408K), 2 survivors (2048K)
 Metaspace       used 11108K, committed 11264K, reserved 1064960K
  class space    used 1163K, committed 1280K, reserved 1048576K
}
Event: 25.594 GC heap after
{Heap after GC invocations=2 (full 0):
 garbage-first heap   total 57344K, used 9487K [0x0000000080000000, 0x0000000100000000)
  region size 1024K, 3 young (3072K), 3 survivors (3072K)
 Metaspace       used 11108K, committed 11264K, reserved 1064960K
  class space    used 1163K, committed 1280K, reserved 1048576K
}
Event: 36.019 GC heap before
{Heap before GC invocations=2 (full 0):
 garbage-first heap   total 57344K, used 26895K [0x0000000080000000, 0x0000000100000000)
  region size 1024K, 20 young (20480K), 3 survivors (3072K)
 Metaspace       used 11169K, committed 11328K, reserved 1064960K
  class space    used 1163K, committed 1280K, reserved 1048576K
}
Event: 36.040 GC heap after
{Heap after GC invocations=3 (full 0):
 garbage-first heap   total 57344K, used 10085K [0x0000000080000000, 0x0000000100000000)
  region size 1024K, 1 young (1024K), 1 survivors (1024K)
 Metaspace       used 11169K, committed 11328K, reserved 1064960K
  class space    used 1163K, committed 1280K, reserved 1048576K
}
Event: 56.251 GC heap before
{Heap before GC invocations=3 (full 0):
 garbage-first heap   total 57344K, used 38757K [0x0000000080000000, 0x0000000100000000)
  region size 1024K, 28 young (28672K), 1 survivors (1024K)
 Metaspace       used 17825K, committed 18112K, reserved 1064960K
  class space    used 2056K, committed 2176K, reserved 1048576K
}
Event: 56.263 GC heap after
{Heap after GC invocations=4 (full 0):
 garbage-first heap   total 57344K, used 17154K [0x0000000080000000, 0x0000000100000000)
  region size 1024K, 4 young (4096K), 4 survivors (4096K)
 Metaspace       used 17825K, committed 18112K, reserved 1064960K
  class space    used 2056K, committed 2176K, reserved 1048576K
}
Event: 65.078 GC heap before
{Heap before GC invocations=4 (full 0):
 garbage-first heap   total 57344K, used 33538K [0x0000000080000000, 0x0000000100000000)
  region size 1024K, 21 young (21504K), 4 survivors (4096K)
 Metaspace       used 21309K, committed 21504K, reserved 1073152K
  class space    used 2575K, committed 2624K, reserved 1048576K
}
Event: 65.098 GC heap after
{Heap after GC invocations=5 (full 0):
 garbage-first heap   total 57344K, used 17983K [0x0000000080000000, 0x0000000100000000)
  region size 1024K, 2 young (2048K), 2 survivors (2048K)
 Metaspace       used 21309K, committed 21504K, reserved 1073152K
  class space    used 2575K, committed 2624K, reserved 1048576K
}
Event: 70.547 GC heap before
{Heap before GC invocations=6 (full 0):
 garbage-first heap   total 57344K, used 38463K [0x0000000080000000, 0x0000000100000000)
  region size 1024K, 22 young (22528K), 2 survivors (2048K)
 Metaspace       used 24521K, committed 24832K, reserved 1073152K
  class space    used 3175K, committed 3328K, reserved 1048576K
}
Event: 70.554 GC heap after
{Heap after GC invocations=7 (full 0):
 garbage-first heap   total 57344K, used 19115K [0x0000000080000000, 0x0000000100000000)
  region size 1024K, 3 young (3072K), 3 survivors (3072K)
 Metaspace       used 24521K, committed 24832K, reserved 1073152K
  class space    used 3175K, committed 3328K, reserved 1048576K
}
Event: 75.206 GC heap before
{Heap before GC invocations=7 (full 0):
 garbage-first heap   total 57344K, used 40619K [0x0000000080000000, 0x0000000100000000)
  region size 1024K, 24 young (24576K), 3 survivors (3072K)
 Metaspace       used 28392K, committed 28672K, reserved 1081344K
  class space    used 3812K, committed 3904K, reserved 1048576K
}
Event: 75.212 GC heap after
{Heap after GC invocations=8 (full 0):
 garbage-first heap   total 57344K, used 20631K [0x0000000080000000, 0x0000000100000000)
  region size 1024K, 3 young (3072K), 3 survivors (3072K)
 Metaspace       used 28392K, committed 28672K, reserved 1081344K
  class space    used 3812K, committed 3904K, reserved 1048576K
}
Event: 80.486 GC heap before
{Heap before GC invocations=8 (full 0):
 garbage-first heap   total 57344K, used 42135K [0x0000000080000000, 0x0000000100000000)
  region size 1024K, 24 young (24576K), 3 survivors (3072K)
 Metaspace       used 31467K, committed 31808K, reserved 1081344K
  class space    used 4282K, committed 4416K, reserved 1048576K
}
Event: 80.494 GC heap after
{Heap after GC invocations=9 (full 0):
 garbage-first heap   total 57344K, used 21672K [0x0000000080000000, 0x0000000100000000)
  region size 1024K, 3 young (3072K), 3 survivors (3072K)
 Metaspace       used 31467K, committed 31808K, reserved 1081344K
  class space    used 4282K, committed 4416K, reserved 1048576K
}

