# JRE version: OpenJDK Runtime Environment (17.0.6) (build 17.0.6+0-b2043.56-9586694)
# Java VM: OpenJDK 64-Bit Server VM (17.0.6+0-b2043.56-9586694, mixed mode, tiered, compressed oops, compressed class ptrs, g1 gc, windows-amd64)
GC Precious Log:
 CPUs: 4 total, 4 available
 Memory: 3521M
 Large Page Support: Disabled
 NUMA Support: Disabled
 Compressed Oops: Enabled (32-bit)
 Heap Region Size: 1M
 Heap Min Capacity: 8M
 Heap Initial Capacity: 56M
 Heap Max Capacity: 2G
 Pre-touch: Disabled
 Parallel Workers: 4
 Concurrent Workers: 1
 Concurrent Refinement Workers: 4
 Periodic GC: Disabled
Heap:
 garbage-first heap   total 57344K, used 33439K [0x0000000080000000, 0x0000000100000000)
  region size 1024K, 16 young (16384K), 3 survivors (3072K)
 Metaspace       used 34014K, committed 34304K, reserved 1081344K
  class space    used 4692K, committed 4800K, reserved 1048576K
GC Heap History (18 events):
Event: 12.810 GC heap before
{Heap before GC invocations=0 (full 0):
 garbage-first heap   total 57344K, used 12288K [0x0000000080000000, 0x0000000100000000)
  region size 1024K, 13 young (13312K), 0 survivors (0K)
 Metaspace       used 7079K, committed 7232K, reserved 1056768K
  class space    used 608K, committed 704K, reserved 1048576K
}
Event: 13.687 GC heap after
{Heap after GC invocations=1 (full 0):
 garbage-first heap   total 57344K, used 3915K [0x0000000080000000, 0x0000000100000000)
  region size 1024K, 2 young (2048K), 2 survivors (2048K)
 Metaspace       used 7079K, committed 7232K, reserved 1056768K
  class space    used 608K, committed 704K, reserved 1048576K
}
Event: 27.979 GC heap before
{Heap before GC invocations=1 (full 0):
 garbage-first heap   total 57344K, used 20299K [0x0000000080000000, 0x0000000100000000)
  region size 1024K, 16 young (16384K), 2 survivors (2048K)
 Metaspace       used 11070K, committed 11264K, reserved 1064960K
  class space    used 1163K, committed 1280K, reserved 1048576K
}
Event: 27.990 GC heap after
{Heap after GC invocations=2 (full 0):
 garbage-first heap   total 57344K, used 9522K [0x0000000080000000, 0x0000000100000000)
  region size 1024K, 2 young (2048K), 2 survivors (2048K)
 Metaspace       used 11070K, committed 11264K, reserved 1064960K
  class space    used 1163K, committed 1280K, reserved 1048576K
}
Event: 37.592 GC heap before
{Heap before GC invocations=2 (full 0):
 garbage-first heap   total 57344K, used 26930K [0x0000000080000000, 0x0000000100000000)
  region size 1024K, 19 young (19456K), 2 survivors (2048K)
 Metaspace       used 11152K, committed 11328K, reserved 1064960K
  class space    used 1163K, committed 1280K, reserved 1048576K
}
Event: 37.596 GC heap after
{Heap after GC invocations=3 (full 0):
 garbage-first heap   total 57344K, used 9853K [0x0000000080000000, 0x0000000100000000)
  region size 1024K, 1 young (1024K), 1 survivors (1024K)
 Metaspace       used 11152K, committed 11328K, reserved 1064960K
  class space    used 1163K, committed 1280K, reserved 1048576K
}
Event: 64.045 GC heap before
{Heap before GC invocations=3 (full 0):
 garbage-first heap   total 57344K, used 39549K [0x0000000080000000, 0x0000000100000000)
  region size 1024K, 29 young (29696K), 1 survivors (1024K)
 Metaspace       used 17897K, committed 18112K, reserved 1064960K
  class space    used 2066K, committed 2176K, reserved 1048576K
}
Event: 64.110 GC heap after
{Heap after GC invocations=4 (full 0):
 garbage-first heap   total 57344K, used 16621K [0x0000000080000000, 0x0000000100000000)
  region size 1024K, 4 young (4096K), 4 survivors (4096K)
 Metaspace       used 17897K, committed 18112K, reserved 1064960K
  class space    used 2066K, committed 2176K, reserved 1048576K
}
Event: 71.623 GC heap before
{Heap before GC invocations=4 (full 0):
 garbage-first heap   total 57344K, used 33005K [0x0000000080000000, 0x0000000100000000)
  region size 1024K, 21 young (21504K), 4 survivors (4096K)
 Metaspace       used 21307K, committed 21504K, reserved 1073152K
  class space    used 2574K, committed 2624K, reserved 1048576K
}
Event: 71.637 GC heap after
{Heap after GC invocations=5 (full 0):
 garbage-first heap   total 57344K, used 17827K [0x0000000080000000, 0x0000000100000000)
  region size 1024K, 2 young (2048K), 2 survivors (2048K)
 Metaspace       used 21307K, committed 21504K, reserved 1073152K
  class space    used 2574K, committed 2624K, reserved 1048576K
}
Event: 77.843 GC heap before
{Heap before GC invocations=6 (full 0):
 garbage-first heap   total 57344K, used 39331K [0x0000000080000000, 0x0000000100000000)
  region size 1024K, 23 young (23552K), 2 survivors (2048K)
 Metaspace       used 24753K, committed 25024K, reserved 1073152K
  class space    used 3205K, committed 3328K, reserved 1048576K
}
Event: 77.849 GC heap after
{Heap after GC invocations=7 (full 0):
 garbage-first heap   total 57344K, used 19014K [0x0000000080000000, 0x0000000100000000)
  region size 1024K, 3 young (3072K), 3 survivors (3072K)
 Metaspace       used 24753K, committed 25024K, reserved 1073152K
  class space    used 3205K, committed 3328K, reserved 1048576K
}
Event: 78.061 GC heap before
{Heap before GC invocations=7 (full 0):
 garbage-first heap   total 57344K, used 20038K [0x0000000080000000, 0x0000000100000000)
  region size 1024K, 4 young (4096K), 3 survivors (3072K)
 Metaspace       used 25033K, committed 25280K, reserved 1073152K
  class space    used 3238K, committed 3392K, reserved 1048576K
}
Event: 78.066 GC heap after
{Heap after GC invocations=8 (full 0):
 garbage-first heap   total 57344K, used 19125K [0x0000000080000000, 0x0000000100000000)
  region size 1024K, 1 young (1024K), 1 survivors (1024K)
 Metaspace       used 25033K, committed 25280K, reserved 1073152K
  class space    used 3238K, committed 3392K, reserved 1048576K
}
Event: 83.665 GC heap before
{Heap before GC invocations=8 (full 0):
 garbage-first heap   total 57344K, used 40629K [0x0000000080000000, 0x0000000100000000)
  region size 1024K, 22 young (22528K), 1 survivors (1024K)
 Metaspace       used 28766K, committed 29056K, reserved 1081344K
  class space    used 3847K, committed 3968K, reserved 1048576K
}
Event: 83.671 GC heap after
{Heap after GC invocations=9 (full 0):
 garbage-first heap   total 57344K, used 20113K [0x0000000080000000, 0x0000000100000000)
  region size 1024K, 2 young (2048K), 2 survivors (2048K)
 Metaspace       used 28766K, committed 29056K, reserved 1081344K
  class space    used 3847K, committed 3968K, reserved 1048576K
}
Event: 89.115 GC heap before
{Heap before GC invocations=9 (full 0):
 garbage-first heap   total 57344K, used 41617K [0x0000000080000000, 0x0000000100000000)
  region size 1024K, 23 young (23552K), 2 survivors (2048K)
 Metaspace       used 31751K, committed 32064K, reserved 1081344K
  class space    used 4345K, committed 4480K, reserved 1048576K
}
Event: 89.121 GC heap after
{Heap after GC invocations=10 (full 0):
 garbage-first heap   total 57344K, used 21151K [0x0000000080000000, 0x0000000100000000)
  region size 1024K, 3 young (3072K), 3 survivors (3072K)
 Metaspace       used 31751K, committed 32064K, reserved 1081344K
  class space    used 4345K, committed 4480K, reserved 1048576K
}

