# JRE version: OpenJDK Runtime Environment (17.0.6) (build 17.0.6+0-b2043.56-9586694)
# Java VM: OpenJDK 64-Bit Server VM (17.0.6+0-b2043.56-9586694, mixed mode, tiered, compressed oops, compressed class ptrs, g1 gc, windows-amd64)
GC Precious Log:
 CPUs: 4 total, 4 available
 Memory: 3521M
 Large Page Support: Disabled
 NUMA Support: Disabled
 Compressed Oops: Enabled (32-bit)
 Heap Region Size: 1M
 Heap Min Capacity: 8M
 Heap Initial Capacity: 56M
 Heap Max Capacity: 2G
 Pre-touch: Disabled
 Parallel Workers: 4
 Concurrent Workers: 1
 Concurrent Refinement Workers: 4
 Periodic GC: Disabled
Heap:
 garbage-first heap   total 140288K, used 94225K [0x0000000080000000, 0x0000000100000000)
  region size 1024K, 35 young (35840K), 6 survivors (6144K)
 Metaspace       used 77687K, committed 78208K, reserved 1122304K
  class space    used 10445K, committed 10688K, reserved 1048576K
GC Heap History (20 events):
Event: 223.301 GC heap before
{Heap before GC invocations=43 (full 0):
 garbage-first heap   total 89088K, used 54692K [0x0000000080000000, 0x0000000100000000)
  region size 1024K, 7 young (7168K), 3 survivors (3072K)
 Metaspace       used 62395K, committed 62912K, reserved 1105920K
  class space    used 8183K, committed 8448K, reserved 1048576K
}
Event: 223.337 GC heap after
{Heap after GC invocations=44 (full 0):
 garbage-first heap   total 89088K, used 52466K [0x0000000080000000, 0x0000000100000000)
  region size 1024K, 3 young (3072K), 3 survivors (3072K)
 Metaspace       used 62395K, committed 62912K, reserved 1105920K
  class space    used 8183K, committed 8448K, reserved 1048576K
}
Event: 223.604 GC heap before
{Heap before GC invocations=45 (full 0):
 garbage-first heap   total 91136K, used 56562K [0x0000000080000000, 0x0000000100000000)
  region size 1024K, 7 young (7168K), 3 survivors (3072K)
 Metaspace       used 62395K, committed 62912K, reserved 1105920K
  class space    used 8183K, committed 8448K, reserved 1048576K
}
Event: 223.623 GC heap after
{Heap after GC invocations=46 (full 0):
 garbage-first heap   total 91136K, used 55161K [0x0000000080000000, 0x0000000100000000)
  region size 1024K, 3 young (3072K), 3 survivors (3072K)
 Metaspace       used 62395K, committed 62912K, reserved 1105920K
  class space    used 8183K, committed 8448K, reserved 1048576K
}
Event: 224.208 GC heap before
{Heap before GC invocations=47 (full 0):
 garbage-first heap   total 97280K, used 62329K [0x0000000080000000, 0x0000000100000000)
  region size 1024K, 9 young (9216K), 3 survivors (3072K)
 Metaspace       used 62399K, committed 62912K, reserved 1105920K
  class space    used 8183K, committed 8448K, reserved 1048576K
}
Event: 224.221 GC heap after
{Heap after GC invocations=48 (full 0):
 garbage-first heap   total 97280K, used 58429K [0x0000000080000000, 0x0000000100000000)
  region size 1024K, 2 young (2048K), 2 survivors (2048K)
 Metaspace       used 62399K, committed 62912K, reserved 1105920K
  class space    used 8183K, committed 8448K, reserved 1048576K
}
Event: 226.560 GC heap before
{Heap before GC invocations=49 (full 0):
 garbage-first heap   total 107520K, used 73789K [0x0000000080000000, 0x0000000100000000)
  region size 1024K, 15 young (15360K), 2 survivors (2048K)
 Metaspace       used 63690K, committed 64256K, reserved 1105920K
  class space    used 8365K, committed 8640K, reserved 1048576K
}
Event: 226.564 GC heap after
{Heap after GC invocations=50 (full 0):
 garbage-first heap   total 107520K, used 58014K [0x0000000080000000, 0x0000000100000000)
  region size 1024K, 2 young (2048K), 2 survivors (2048K)
 Metaspace       used 63690K, committed 64256K, reserved 1105920K
  class space    used 8365K, committed 8640K, reserved 1048576K
}
Event: 229.850 GC heap before
{Heap before GC invocations=50 (full 0):
 garbage-first heap   total 107520K, used 77470K [0x0000000080000000, 0x0000000100000000)
  region size 1024K, 21 young (21504K), 2 survivors (2048K)
 Metaspace       used 65148K, committed 65600K, reserved 1105920K
  class space    used 8539K, committed 8768K, reserved 1048576K
}
Event: 229.865 GC heap after
{Heap after GC invocations=51 (full 0):
 garbage-first heap   total 107520K, used 59671K [0x0000000080000000, 0x0000000100000000)
  region size 1024K, 3 young (3072K), 3 survivors (3072K)
 Metaspace       used 65148K, committed 65600K, reserved 1105920K
  class space    used 8539K, committed 8768K, reserved 1048576K
}
Event: 232.836 GC heap before
{Heap before GC invocations=52 (full 0):
 garbage-first heap   total 107520K, used 66839K [0x0000000080000000, 0x0000000100000000)
  region size 1024K, 14 young (14336K), 3 survivors (3072K)
 Metaspace       used 66145K, committed 66688K, reserved 1114112K
  class space    used 8649K, committed 8896K, reserved 1048576K
}
Event: 232.879 GC heap after
{Heap after GC invocations=53 (full 0):
 garbage-first heap   total 107520K, used 57732K [0x0000000080000000, 0x0000000100000000)
  region size 1024K, 2 young (2048K), 2 survivors (2048K)
 Metaspace       used 66145K, committed 66688K, reserved 1114112K
  class space    used 8649K, committed 8896K, reserved 1048576K
}
Event: 242.858 GC heap before
{Heap before GC invocations=54 (full 0):
 garbage-first heap   total 107520K, used 80260K [0x0000000080000000, 0x0000000100000000)
  region size 1024K, 23 young (23552K), 2 survivors (2048K)
 Metaspace       used 68518K, committed 69056K, reserved 1114112K
  class space    used 8977K, committed 9216K, reserved 1048576K
}
Event: 242.871 GC heap after
{Heap after GC invocations=55 (full 0):
 garbage-first heap   total 107520K, used 58115K [0x0000000080000000, 0x0000000100000000)
  region size 1024K, 2 young (2048K), 2 survivors (2048K)
 Metaspace       used 68518K, committed 69056K, reserved 1114112K
  class space    used 8977K, committed 9216K, reserved 1048576K
}
Event: 258.249 GC heap before
{Heap before GC invocations=55 (full 0):
 garbage-first heap   total 107520K, used 81667K [0x0000000080000000, 0x0000000100000000)
  region size 1024K, 25 young (25600K), 2 survivors (2048K)
 Metaspace       used 69652K, committed 70208K, reserved 1114112K
  class space    used 9133K, committed 9344K, reserved 1048576K
}
Event: 258.470 GC heap after
{Heap after GC invocations=56 (full 0):
 garbage-first heap   total 107520K, used 60271K [0x0000000080000000, 0x0000000100000000)
  region size 1024K, 4 young (4096K), 4 survivors (4096K)
 Metaspace       used 69652K, committed 70208K, reserved 1114112K
  class space    used 9133K, committed 9344K, reserved 1048576K
}
Event: 260.781 GC heap before
{Heap before GC invocations=57 (full 0):
 garbage-first heap   total 140288K, used 83823K [0x0000000080000000, 0x0000000100000000)
  region size 1024K, 27 young (27648K), 4 survivors (4096K)
 Metaspace       used 69894K, committed 70464K, reserved 1114112K
  class space    used 9146K, committed 9408K, reserved 1048576K
}
Event: 260.864 GC heap after
{Heap after GC invocations=58 (full 0):
 garbage-first heap   total 140288K, used 62436K [0x0000000080000000, 0x0000000100000000)
  region size 1024K, 3 young (3072K), 3 survivors (3072K)
 Metaspace       used 69894K, committed 70464K, reserved 1114112K
  class space    used 9146K, committed 9408K, reserved 1048576K
}
Event: 275.947 GC heap before
{Heap before GC invocations=58 (full 0):
 garbage-first heap   total 140288K, used 107492K [0x0000000080000000, 0x0000000100000000)
  region size 1024K, 47 young (48128K), 3 survivors (3072K)
 Metaspace       used 74839K, committed 75392K, reserved 1114112K
  class space    used 10041K, committed 10304K, reserved 1048576K
}
Event: 276.040 GC heap after
{Heap after GC invocations=59 (full 0):
 garbage-first heap   total 140288K, used 65553K [0x0000000080000000, 0x0000000100000000)
  region size 1024K, 6 young (6144K), 6 survivors (6144K)
 Metaspace       used 74839K, committed 75392K, reserved 1114112K
  class space    used 10041K, committed 10304K, reserved 1048576K
}

