# JRE version: OpenJDK Runtime Environment (17.0.6) (build 17.0.6+0-b2043.56-9586694)
# Java VM: OpenJDK 64-Bit Server VM (17.0.6+0-b2043.56-9586694, mixed mode, tiered, compressed oops, compressed class ptrs, g1 gc, windows-amd64)
GC Precious Log:
 CPUs: 4 total, 4 available
 Memory: 3521M
 Large Page Support: Disabled
 NUMA Support: Disabled
 Compressed Oops: Enabled (32-bit)
 Heap Region Size: 1M
 Heap Min Capacity: 8M
 Heap Initial Capacity: 56M
 Heap Max Capacity: 2G
 Pre-touch: Disabled
 Parallel Workers: 4
 Concurrent Workers: 1
 Concurrent Refinement Workers: 4
 Periodic GC: Disabled
Heap:
 garbage-first heap   total 87040K, used 50592K [0x0000000080000000, 0x0000000100000000)
  region size 1024K, 1 young (1024K), 1 survivors (1024K)
 Metaspace       used 58103K, committed 58624K, reserved 1105920K
  class space    used 7613K, committed 7872K, reserved 1048576K
GC Heap History (20 events):
Event: 98.304 GC heap after
{Heap after GC invocations=29 (full 0):
 garbage-first heap   total 58368K, used 36290K [0x0000000080000000, 0x0000000100000000)
  region size 1024K, 2 young (2048K), 2 survivors (2048K)
 Metaspace       used 51468K, committed 51904K, reserved 1097728K
  class space    used 6782K, committed 6976K, reserved 1048576K
}
Event: 102.759 GC heap before
{Heap before GC invocations=30 (full 0):
 garbage-first heap   total 65536K, used 42434K [0x0000000080000000, 0x0000000100000000)
  region size 1024K, 10 young (10240K), 2 survivors (2048K)
 Metaspace       used 51773K, committed 52224K, reserved 1097728K
  class space    used 6823K, committed 7040K, reserved 1048576K
}
Event: 102.777 GC heap after
{Heap after GC invocations=31 (full 0):
 garbage-first heap   total 65536K, used 36156K [0x0000000080000000, 0x0000000100000000)
  region size 1024K, 1 young (1024K), 1 survivors (1024K)
 Metaspace       used 51773K, committed 52224K, reserved 1097728K
  class space    used 6823K, committed 7040K, reserved 1048576K
}
Event: 103.985 GC heap before
{Heap before GC invocations=32 (full 0):
 garbage-first heap   total 65536K, used 37180K [0x0000000080000000, 0x0000000100000000)
  region size 1024K, 2 young (2048K), 1 survivors (1024K)
 Metaspace       used 51776K, committed 52224K, reserved 1097728K
  class space    used 6824K, committed 7040K, reserved 1048576K
}
Event: 103.990 GC heap after
{Heap after GC invocations=33 (full 0):
 garbage-first heap   total 65536K, used 37191K [0x0000000080000000, 0x0000000100000000)
  region size 1024K, 1 young (1024K), 1 survivors (1024K)
 Metaspace       used 51776K, committed 52224K, reserved 1097728K
  class space    used 6824K, committed 7040K, reserved 1048576K
}
Event: 106.520 GC heap before
{Heap before GC invocations=34 (full 0):
 garbage-first heap   total 66560K, used 38215K [0x0000000080000000, 0x0000000100000000)
  region size 1024K, 3 young (3072K), 1 survivors (1024K)
 Metaspace       used 51806K, committed 52288K, reserved 1097728K
  class space    used 6829K, committed 7040K, reserved 1048576K
}
Event: 106.525 GC heap after
{Heap after GC invocations=35 (full 0):
 garbage-first heap   total 66560K, used 39523K [0x0000000080000000, 0x0000000100000000)
  region size 1024K, 2 young (2048K), 2 survivors (2048K)
 Metaspace       used 51806K, committed 52288K, reserved 1097728K
  class space    used 6829K, committed 7040K, reserved 1048576K
}
Event: 111.575 GC heap before
{Heap before GC invocations=36 (full 0):
 garbage-first heap   total 68608K, used 42595K [0x0000000080000000, 0x0000000100000000)
  region size 1024K, 5 young (5120K), 2 survivors (2048K)
 Metaspace       used 51817K, committed 52288K, reserved 1097728K
  class space    used 6829K, committed 7040K, reserved 1048576K
}
Event: 111.615 GC heap after
{Heap after GC invocations=37 (full 0):
 garbage-first heap   total 68608K, used 42084K [0x0000000080000000, 0x0000000100000000)
  region size 1024K, 2 young (2048K), 2 survivors (2048K)
 Metaspace       used 51817K, committed 52288K, reserved 1097728K
  class space    used 6829K, committed 7040K, reserved 1048576K
}
Event: 116.722 GC heap before
{Heap before GC invocations=38 (full 0):
 garbage-first heap   total 73728K, used 47204K [0x0000000080000000, 0x0000000100000000)
  region size 1024K, 5 young (5120K), 2 survivors (2048K)
 Metaspace       used 51820K, committed 52288K, reserved 1097728K
  class space    used 6829K, committed 7040K, reserved 1048576K
}
Event: 116.732 GC heap after
{Heap after GC invocations=39 (full 0):
 garbage-first heap   total 73728K, used 48407K [0x0000000080000000, 0x0000000100000000)
  region size 1024K, 2 young (2048K), 2 survivors (2048K)
 Metaspace       used 51820K, committed 52288K, reserved 1097728K
  class space    used 6829K, committed 7040K, reserved 1048576K
}
Event: 121.287 GC heap before
{Heap before GC invocations=40 (full 0):
 garbage-first heap   total 83968K, used 54551K [0x0000000080000000, 0x0000000100000000)
  region size 1024K, 8 young (8192K), 2 survivors (2048K)
 Metaspace       used 52411K, committed 52864K, reserved 1097728K
  class space    used 6899K, committed 7104K, reserved 1048576K
}
Event: 121.293 GC heap after
{Heap after GC invocations=41 (full 0):
 garbage-first heap   total 83968K, used 49857K [0x0000000080000000, 0x0000000100000000)
  region size 1024K, 1 young (1024K), 1 survivors (1024K)
 Metaspace       used 52411K, committed 52864K, reserved 1097728K
  class space    used 6899K, committed 7104K, reserved 1048576K
}
Event: 125.651 GC heap before
{Heap before GC invocations=41 (full 0):
 garbage-first heap   total 83968K, used 59073K [0x0000000080000000, 0x0000000100000000)
  region size 1024K, 11 young (11264K), 1 survivors (1024K)
 Metaspace       used 53753K, committed 54208K, reserved 1097728K
  class space    used 7083K, committed 7296K, reserved 1048576K
}
Event: 125.654 GC heap after
{Heap after GC invocations=42 (full 0):
 garbage-first heap   total 83968K, used 50143K [0x0000000080000000, 0x0000000100000000)
  region size 1024K, 2 young (2048K), 2 survivors (2048K)
 Metaspace       used 53753K, committed 54208K, reserved 1097728K
  class space    used 7083K, committed 7296K, reserved 1048576K
}
Event: 129.095 GC heap before
{Heap before GC invocations=43 (full 0):
 garbage-first heap   total 87040K, used 60383K [0x0000000080000000, 0x0000000100000000)
  region size 1024K, 12 young (12288K), 2 survivors (2048K)
 Metaspace       used 55234K, committed 55680K, reserved 1097728K
  class space    used 7285K, committed 7488K, reserved 1048576K
}
Event: 129.101 GC heap after
{Heap after GC invocations=44 (full 0):
 garbage-first heap   total 87040K, used 50521K [0x0000000080000000, 0x0000000100000000)
  region size 1024K, 1 young (1024K), 1 survivors (1024K)
 Metaspace       used 55234K, committed 55680K, reserved 1097728K
  class space    used 7285K, committed 7488K, reserved 1048576K
}
Event: 129.850 GC heap before
{Heap before GC invocations=44 (full 0):
 garbage-first heap   total 87040K, used 52569K [0x0000000080000000, 0x0000000100000000)
  region size 1024K, 4 young (4096K), 1 survivors (1024K)
 Metaspace       used 55634K, committed 56064K, reserved 1105920K
  class space    used 7340K, committed 7552K, reserved 1048576K
}
Event: 129.858 GC heap after
{Heap after GC invocations=45 (full 0):
 garbage-first heap   total 87040K, used 50188K [0x0000000080000000, 0x0000000100000000)
  region size 1024K, 1 young (1024K), 1 survivors (1024K)
 Metaspace       used 55634K, committed 56064K, reserved 1105920K
  class space    used 7340K, committed 7552K, reserved 1048576K
}
Event: 133.389 GC heap before
{Heap before GC invocations=45 (full 0):
 garbage-first heap   total 87040K, used 63500K [0x0000000080000000, 0x0000000100000000)
  region size 1024K, 15 young (15360K), 1 survivors (1024K)
 Metaspace       used 58103K, committed 58624K, reserved 1105920K
  class space    used 7613K, committed 7872K, reserved 1048576K
}

