# JRE version: OpenJDK Runtime Environment (17.0.6) (build 17.0.6+0-b2043.56-9586694)
# Java VM: OpenJDK 64-Bit Server VM (17.0.6+0-b2043.56-9586694, mixed mode, tiered, compressed oops, compressed class ptrs, g1 gc, windows-amd64)
GC Precious Log:
 CPUs: 4 total, 4 available
 Memory: 3521M
 Large Page Support: Disabled
 NUMA Support: Disabled
 Compressed Oops: Enabled (32-bit)
 Heap Region Size: 1M
 Heap Min Capacity: 8M
 Heap Initial Capacity: 56M
 Heap Max Capacity: 2G
 Pre-touch: Disabled
 Parallel Workers: 4
 Concurrent Workers: 1
 Concurrent Refinement Workers: 4
 Periodic GC: Disabled
Heap:
 garbage-first heap   total 156672K, used 78447K [0x0000000080000000, 0x0000000100000000)
  region size 1024K, 17 young (17408K), 1 survivors (1024K)
 Metaspace       used 69961K, committed 70528K, reserved 1114112K
  class space    used 9156K, committed 9408K, reserved 1048576K
GC Heap History (20 events):
Event: 179.408 GC heap before
{Heap before GC invocations=31 (full 0):
 garbage-first heap   total 66560K, used 41708K [0x0000000080000000, 0x0000000100000000)
  region size 1024K, 9 young (9216K), 1 survivors (1024K)
 Metaspace       used 51861K, committed 52288K, reserved 1097728K
  class space    used 6828K, committed 7040K, reserved 1048576K
}
Event: 179.498 GC heap after
{Heap after GC invocations=32 (full 0):
 garbage-first heap   total 66560K, used 35807K [0x0000000080000000, 0x0000000100000000)
  region size 1024K, 1 young (1024K), 1 survivors (1024K)
 Metaspace       used 51861K, committed 52288K, reserved 1097728K
  class space    used 6828K, committed 7040K, reserved 1048576K
}
Event: 201.760 GC heap before
{Heap before GC invocations=33 (full 0):
 garbage-first heap   total 66560K, used 60912K [0x0000000080000000, 0x0000000100000000)
  region size 1024K, 19 young (19456K), 1 survivors (1024K)
 Metaspace       used 53239K, committed 53632K, reserved 1097728K
  class space    used 6993K, committed 7168K, reserved 1048576K
}
Event: 201.881 GC heap after
{Heap after GC invocations=34 (full 0):
 garbage-first heap   total 70656K, used 49341K [0x0000000080000000, 0x0000000100000000)
  region size 1024K, 3 young (3072K), 3 survivors (3072K)
 Metaspace       used 53239K, committed 53632K, reserved 1097728K
  class space    used 6993K, committed 7168K, reserved 1048576K
}
Event: 201.940 GC heap before
{Heap before GC invocations=34 (full 0):
 garbage-first heap   total 70656K, used 50365K [0x0000000080000000, 0x0000000100000000)
  region size 1024K, 4 young (4096K), 3 survivors (3072K)
 Metaspace       used 53383K, committed 53824K, reserved 1097728K
  class space    used 7011K, committed 7232K, reserved 1048576K
}
Event: 201.953 GC heap after
{Heap after GC invocations=35 (full 0):
 garbage-first heap   total 70656K, used 48811K [0x0000000080000000, 0x0000000100000000)
  region size 1024K, 1 young (1024K), 1 survivors (1024K)
 Metaspace       used 53383K, committed 53824K, reserved 1097728K
  class space    used 7011K, committed 7232K, reserved 1048576K
}
Event: 208.406 GC heap before
{Heap before GC invocations=35 (full 0):
 garbage-first heap   total 70656K, used 58027K [0x0000000080000000, 0x0000000100000000)
  region size 1024K, 10 young (10240K), 1 survivors (1024K)
 Metaspace       used 54649K, committed 55104K, reserved 1097728K
  class space    used 7185K, committed 7360K, reserved 1048576K
}
Event: 208.443 GC heap after
{Heap after GC invocations=36 (full 0):
 garbage-first heap   total 70656K, used 49144K [0x0000000080000000, 0x0000000100000000)
  region size 1024K, 1 young (1024K), 1 survivors (1024K)
 Metaspace       used 54649K, committed 55104K, reserved 1097728K
  class space    used 7185K, committed 7360K, reserved 1048576K
}
Event: 217.890 GC heap before
{Heap before GC invocations=37 (full 0):
 garbage-first heap   total 89088K, used 57336K [0x0000000080000000, 0x0000000100000000)
  region size 1024K, 9 young (9216K), 1 survivors (1024K)
 Metaspace       used 55725K, committed 56192K, reserved 1105920K
  class space    used 7345K, committed 7552K, reserved 1048576K
}
Event: 217.922 GC heap after
{Heap after GC invocations=38 (full 0):
 garbage-first heap   total 89088K, used 49506K [0x0000000080000000, 0x0000000100000000)
  region size 1024K, 1 young (1024K), 1 survivors (1024K)
 Metaspace       used 55725K, committed 56192K, reserved 1105920K
  class space    used 7345K, committed 7552K, reserved 1048576K
}
Event: 220.146 GC heap before
{Heap before GC invocations=38 (full 0):
 garbage-first heap   total 89088K, used 51554K [0x0000000080000000, 0x0000000100000000)
  region size 1024K, 4 young (4096K), 1 survivors (1024K)
 Metaspace       used 56095K, committed 56576K, reserved 1105920K
  class space    used 7398K, committed 7616K, reserved 1048576K
}
Event: 220.177 GC heap after
{Heap after GC invocations=39 (full 0):
 garbage-first heap   total 89088K, used 49434K [0x0000000080000000, 0x0000000100000000)
  region size 1024K, 1 young (1024K), 1 survivors (1024K)
 Metaspace       used 56095K, committed 56576K, reserved 1105920K
  class space    used 7398K, committed 7616K, reserved 1048576K
}
Event: 232.510 GC heap before
{Heap before GC invocations=39 (full 0):
 garbage-first heap   total 89088K, used 70938K [0x0000000080000000, 0x0000000100000000)
  region size 1024K, 22 young (22528K), 1 survivors (1024K)
 Metaspace       used 60335K, committed 60864K, reserved 1105920K
  class space    used 7932K, committed 8192K, reserved 1048576K
}
Event: 232.574 GC heap after
{Heap after GC invocations=40 (full 0):
 garbage-first heap   total 89088K, used 50462K [0x0000000080000000, 0x0000000100000000)
  region size 1024K, 2 young (2048K), 2 survivors (2048K)
 Metaspace       used 60335K, committed 60864K, reserved 1105920K
  class space    used 7932K, committed 8192K, reserved 1048576K
}
Event: 237.132 GC heap before
{Heap before GC invocations=41 (full 0):
 garbage-first heap   total 91136K, used 77086K [0x0000000080000000, 0x0000000100000000)
  region size 1024K, 23 young (23552K), 2 survivors (2048K)
 Metaspace       used 62439K, committed 62912K, reserved 1105920K
  class space    used 8195K, committed 8448K, reserved 1048576K
}
Event: 237.188 GC heap after
{Heap after GC invocations=42 (full 0):
 garbage-first heap   total 91136K, used 59293K [0x0000000080000000, 0x0000000100000000)
  region size 1024K, 3 young (3072K), 3 survivors (3072K)
 Metaspace       used 62439K, committed 62912K, reserved 1105920K
  class space    used 8195K, committed 8448K, reserved 1048576K
}
Event: 237.233 GC heap before
{Heap before GC invocations=42 (full 0):
 garbage-first heap   total 91136K, used 59293K [0x0000000080000000, 0x0000000100000000)
  region size 1024K, 4 young (4096K), 3 survivors (3072K)
 Metaspace       used 62448K, committed 62976K, reserved 1105920K
  class space    used 8196K, committed 8448K, reserved 1048576K
}
Event: 237.293 GC heap after
{Heap after GC invocations=43 (full 0):
 garbage-first heap   total 156672K, used 60410K [0x0000000080000000, 0x0000000100000000)
  region size 1024K, 1 young (1024K), 1 survivors (1024K)
 Metaspace       used 62448K, committed 62976K, reserved 1105920K
  class space    used 8196K, committed 8448K, reserved 1048576K
}
Event: 252.942 GC heap before
{Heap before GC invocations=43 (full 0):
 garbage-first heap   total 156672K, used 100346K [0x0000000080000000, 0x0000000100000000)
  region size 1024K, 41 young (41984K), 1 survivors (1024K)
 Metaspace       used 66216K, committed 66752K, reserved 1114112K
  class space    used 8658K, committed 8896K, reserved 1048576K
}
Event: 253.034 GC heap after
{Heap after GC invocations=44 (full 0):
 garbage-first heap   total 156672K, used 63412K [0x0000000080000000, 0x0000000100000000)
  region size 1024K, 4 young (4096K), 4 survivors (4096K)
 Metaspace       used 66216K, committed 66752K, reserved 1114112K
  class space    used 8658K, committed 8896K, reserved 1048576K
}

