# JRE version: OpenJDK Runtime Environment (17.0.6) (build 17.0.6+0-b2043.56-9586694)
# Java VM: OpenJDK 64-Bit Server VM (17.0.6+0-b2043.56-9586694, mixed mode, tiered, compressed oops, compressed class ptrs, g1 gc, windows-amd64)
GC Precious Log:
 CPUs: 4 total, 4 available
 Memory: 3521M
 Large Page Support: Disabled
 NUMA Support: Disabled
 Compressed Oops: Enabled (32-bit)
 Heap Region Size: 1M
 Heap Min Capacity: 8M
 Heap Initial Capacity: 56M
 Heap Max Capacity: 2G
 Pre-touch: Disabled
 Parallel Workers: 4
 Concurrent Workers: 1
 Concurrent Refinement Workers: 4
 Periodic GC: Disabled
Heap:
 garbage-first heap   total 57344K, used 29387K [0x0000000080000000, 0x0000000100000000)
  region size 1024K, 12 young (12288K), 3 survivors (3072K)
 Metaspace       used 32953K, committed 33280K, reserved 1081344K
  class space    used 4547K, committed 4672K, reserved 1048576K
GC Heap History (18 events):
Event: 15.419 GC heap before
{Heap before GC invocations=0 (full 0):
 garbage-first heap   total 57344K, used 12288K [0x0000000080000000, 0x0000000100000000)
  region size 1024K, 13 young (13312K), 0 survivors (0K)
 Metaspace       used 7082K, committed 7232K, reserved 1056768K
  class space    used 608K, committed 704K, reserved 1048576K
}
Event: 15.706 GC heap after
{Heap after GC invocations=1 (full 0):
 garbage-first heap   total 57344K, used 3659K [0x0000000080000000, 0x0000000100000000)
  region size 1024K, 2 young (2048K), 2 survivors (2048K)
 Metaspace       used 7082K, committed 7232K, reserved 1056768K
  class space    used 608K, committed 704K, reserved 1048576K
}
Event: 25.303 GC heap before
{Heap before GC invocations=1 (full 0):
 garbage-first heap   total 57344K, used 21067K [0x0000000080000000, 0x0000000100000000)
  region size 1024K, 17 young (17408K), 2 survivors (2048K)
 Metaspace       used 11100K, committed 11264K, reserved 1064960K
  class space    used 1163K, committed 1280K, reserved 1048576K
}
Event: 25.317 GC heap after
{Heap after GC invocations=2 (full 0):
 garbage-first heap   total 57344K, used 9487K [0x0000000080000000, 0x0000000100000000)
  region size 1024K, 3 young (3072K), 3 survivors (3072K)
 Metaspace       used 11100K, committed 11264K, reserved 1064960K
  class space    used 1163K, committed 1280K, reserved 1048576K
}
Event: 33.600 GC heap before
{Heap before GC invocations=2 (full 0):
 garbage-first heap   total 57344K, used 26895K [0x0000000080000000, 0x0000000100000000)
  region size 1024K, 20 young (20480K), 3 survivors (3072K)
 Metaspace       used 11171K, committed 11328K, reserved 1064960K
  class space    used 1164K, committed 1280K, reserved 1048576K
}
Event: 33.614 GC heap after
{Heap after GC invocations=3 (full 0):
 garbage-first heap   total 57344K, used 10070K [0x0000000080000000, 0x0000000100000000)
  region size 1024K, 1 young (1024K), 1 survivors (1024K)
 Metaspace       used 11171K, committed 11328K, reserved 1064960K
  class space    used 1164K, committed 1280K, reserved 1048576K
}
Event: 66.216 GC heap before
{Heap before GC invocations=3 (full 0):
 garbage-first heap   total 57344K, used 37718K [0x0000000080000000, 0x0000000100000000)
  region size 1024K, 28 young (28672K), 1 survivors (1024K)
 Metaspace       used 17865K, committed 18112K, reserved 1064960K
  class space    used 2063K, committed 2176K, reserved 1048576K
}
Event: 66.286 GC heap after
{Heap after GC invocations=4 (full 0):
 garbage-first heap   total 57344K, used 16494K [0x0000000080000000, 0x0000000100000000)
  region size 1024K, 4 young (4096K), 4 survivors (4096K)
 Metaspace       used 17865K, committed 18112K, reserved 1064960K
  class space    used 2063K, committed 2176K, reserved 1048576K
}
Event: 74.204 GC heap before
{Heap before GC invocations=4 (full 0):
 garbage-first heap   total 57344K, used 32878K [0x0000000080000000, 0x0000000100000000)
  region size 1024K, 22 young (22528K), 4 survivors (4096K)
 Metaspace       used 21342K, committed 21504K, reserved 1073152K
  class space    used 2587K, committed 2688K, reserved 1048576K
}
Event: 74.227 GC heap after
{Heap after GC invocations=5 (full 0):
 garbage-first heap   total 57344K, used 17903K [0x0000000080000000, 0x0000000100000000)
  region size 1024K, 2 young (2048K), 2 survivors (2048K)
 Metaspace       used 21342K, committed 21504K, reserved 1073152K
  class space    used 2587K, committed 2688K, reserved 1048576K
}
Event: 79.898 GC heap before
{Heap before GC invocations=6 (full 0):
 garbage-first heap   total 57344K, used 38383K [0x0000000080000000, 0x0000000100000000)
  region size 1024K, 22 young (22528K), 2 survivors (2048K)
 Metaspace       used 24595K, committed 24896K, reserved 1073152K
  class space    used 3185K, committed 3328K, reserved 1048576K
}
Event: 79.904 GC heap after
{Heap after GC invocations=7 (full 0):
 garbage-first heap   total 57344K, used 19110K [0x0000000080000000, 0x0000000100000000)
  region size 1024K, 3 young (3072K), 3 survivors (3072K)
 Metaspace       used 24595K, committed 24896K, reserved 1073152K
  class space    used 3185K, committed 3328K, reserved 1048576K
}
Event: 80.158 GC heap before
{Heap before GC invocations=7 (full 0):
 garbage-first heap   total 57344K, used 20134K [0x0000000080000000, 0x0000000100000000)
  region size 1024K, 4 young (4096K), 3 survivors (3072K)
 Metaspace       used 24867K, committed 25152K, reserved 1073152K
  class space    used 3219K, committed 3328K, reserved 1048576K
}
Event: 80.204 GC heap after
{Heap after GC invocations=8 (full 0):
 garbage-first heap   total 57344K, used 19152K [0x0000000080000000, 0x0000000100000000)
  region size 1024K, 1 young (1024K), 1 survivors (1024K)
 Metaspace       used 24867K, committed 25152K, reserved 1073152K
  class space    used 3219K, committed 3328K, reserved 1048576K
}
Event: 84.938 GC heap before
{Heap before GC invocations=8 (full 0):
 garbage-first heap   total 57344K, used 40656K [0x0000000080000000, 0x0000000100000000)
  region size 1024K, 22 young (22528K), 1 survivors (1024K)
 Metaspace       used 28655K, committed 28992K, reserved 1081344K
  class space    used 3838K, committed 3968K, reserved 1048576K
}
Event: 84.951 GC heap after
{Heap after GC invocations=9 (full 0):
 garbage-first heap   total 57344K, used 20236K [0x0000000080000000, 0x0000000100000000)
  region size 1024K, 2 young (2048K), 2 survivors (2048K)
 Metaspace       used 28655K, committed 28992K, reserved 1081344K
  class space    used 3838K, committed 3968K, reserved 1048576K
}
Event: 89.186 GC heap before
{Heap before GC invocations=9 (full 0):
 garbage-first heap   total 57344K, used 41740K [0x0000000080000000, 0x0000000100000000)
  region size 1024K, 23 young (23552K), 2 survivors (2048K)
 Metaspace       used 31600K, committed 31936K, reserved 1081344K
  class space    used 4326K, committed 4480K, reserved 1048576K
}
Event: 89.192 GC heap after
{Heap after GC invocations=10 (full 0):
 garbage-first heap   total 57344K, used 21195K [0x0000000080000000, 0x0000000100000000)
  region size 1024K, 3 young (3072K), 3 survivors (3072K)
 Metaspace       used 31600K, committed 31936K, reserved 1081344K
  class space    used 4326K, committed 4480K, reserved 1048576K
}

