# JRE version: OpenJDK Runtime Environment (17.0.6) (build 17.0.6+0-b2043.56-9586694)
# Java VM: OpenJDK 64-Bit Server VM (17.0.6+0-b2043.56-9586694, mixed mode, tiered, compressed oops, compressed class ptrs, g1 gc, windows-amd64)
GC Precious Log:
 CPUs: 4 total, 4 available
 Memory: 3521M
 Large Page Support: Disabled
 NUMA Support: Disabled
 Compressed Oops: Enabled (32-bit)
 Heap Region Size: 1M
 Heap Min Capacity: 8M
 Heap Initial Capacity: 56M
 Heap Max Capacity: 2G
 Pre-touch: Disabled
 Parallel Workers: 4
 Concurrent Workers: 1
 Concurrent Refinement Workers: 4
 Periodic GC: Disabled
Heap:
 garbage-first heap   total 57344K, used 26163K [0x0000000080000000, 0x0000000100000000)
  region size 1024K, 6 young (6144K), 2 survivors (2048K)
 Metaspace       used 36895K, committed 37184K, reserved 1081344K
  class space    used 4987K, committed 5120K, reserved 1048576K
GC Heap History (20 events):
Event: 12.089 GC heap before
{Heap before GC invocations=0 (full 0):
 garbage-first heap   total 57344K, used 13312K [0x0000000080000000, 0x0000000100000000)
  region size 1024K, 13 young (13312K), 0 survivors (0K)
 Metaspace       used 7065K, committed 7232K, reserved 1056768K
  class space    used 608K, committed 704K, reserved 1048576K
}
Event: 12.659 GC heap after
{Heap after GC invocations=1 (full 0):
 garbage-first heap   total 57344K, used 3716K [0x0000000080000000, 0x0000000100000000)
  region size 1024K, 2 young (2048K), 2 survivors (2048K)
 Metaspace       used 7065K, committed 7232K, reserved 1056768K
  class space    used 608K, committed 704K, reserved 1048576K
}
Event: 22.741 GC heap before
{Heap before GC invocations=1 (full 0):
 garbage-first heap   total 57344K, used 21124K [0x0000000080000000, 0x0000000100000000)
  region size 1024K, 17 young (17408K), 2 survivors (2048K)
 Metaspace       used 11080K, committed 11264K, reserved 1064960K
  class space    used 1163K, committed 1280K, reserved 1048576K
}
Event: 22.749 GC heap after
{Heap after GC invocations=2 (full 0):
 garbage-first heap   total 57344K, used 9375K [0x0000000080000000, 0x0000000100000000)
  region size 1024K, 3 young (3072K), 3 survivors (3072K)
 Metaspace       used 11080K, committed 11264K, reserved 1064960K
  class space    used 1163K, committed 1280K, reserved 1048576K
}
Event: 29.312 GC heap before
{Heap before GC invocations=2 (full 0):
 garbage-first heap   total 57344K, used 26783K [0x0000000080000000, 0x0000000100000000)
  region size 1024K, 20 young (20480K), 3 survivors (3072K)
 Metaspace       used 11160K, committed 11328K, reserved 1064960K
  class space    used 1164K, committed 1280K, reserved 1048576K
}
Event: 29.317 GC heap after
{Heap after GC invocations=3 (full 0):
 garbage-first heap   total 57344K, used 9976K [0x0000000080000000, 0x0000000100000000)
  region size 1024K, 1 young (1024K), 1 survivors (1024K)
 Metaspace       used 11160K, committed 11328K, reserved 1064960K
  class space    used 1164K, committed 1280K, reserved 1048576K
}
Event: 56.112 GC heap before
{Heap before GC invocations=3 (full 0):
 garbage-first heap   total 57344K, used 38648K [0x0000000080000000, 0x0000000100000000)
  region size 1024K, 28 young (28672K), 1 survivors (1024K)
 Metaspace       used 17854K, committed 18112K, reserved 1064960K
  class space    used 2065K, committed 2176K, reserved 1048576K
}
Event: 56.124 GC heap after
{Heap after GC invocations=4 (full 0):
 garbage-first heap   total 57344K, used 16487K [0x0000000080000000, 0x0000000100000000)
  region size 1024K, 4 young (4096K), 4 survivors (4096K)
 Metaspace       used 17854K, committed 18112K, reserved 1064960K
  class space    used 2065K, committed 2176K, reserved 1048576K
}
Event: 65.460 GC heap before
{Heap before GC invocations=4 (full 0):
 garbage-first heap   total 57344K, used 31847K [0x0000000080000000, 0x0000000100000000)
  region size 1024K, 21 young (21504K), 4 survivors (4096K)
 Metaspace       used 21282K, committed 21504K, reserved 1073152K
  class space    used 2577K, committed 2624K, reserved 1048576K
}
Event: 65.482 GC heap after
{Heap after GC invocations=5 (full 0):
 garbage-first heap   total 57344K, used 17686K [0x0000000080000000, 0x0000000100000000)
  region size 1024K, 2 young (2048K), 2 survivors (2048K)
 Metaspace       used 21282K, committed 21504K, reserved 1073152K
  class space    used 2577K, committed 2624K, reserved 1048576K
}
Event: 69.832 GC heap before
{Heap before GC invocations=6 (full 0):
 garbage-first heap   total 57344K, used 38166K [0x0000000080000000, 0x0000000100000000)
  region size 1024K, 22 young (22528K), 2 survivors (2048K)
 Metaspace       used 24529K, committed 24832K, reserved 1073152K
  class space    used 3175K, committed 3328K, reserved 1048576K
}
Event: 69.841 GC heap after
{Heap after GC invocations=7 (full 0):
 garbage-first heap   total 57344K, used 18957K [0x0000000080000000, 0x0000000100000000)
  region size 1024K, 3 young (3072K), 3 survivors (3072K)
 Metaspace       used 24529K, committed 24832K, reserved 1073152K
  class space    used 3175K, committed 3328K, reserved 1048576K
}
Event: 76.125 GC heap before
{Heap before GC invocations=7 (full 0):
 garbage-first heap   total 57344K, used 40461K [0x0000000080000000, 0x0000000100000000)
  region size 1024K, 24 young (24576K), 3 survivors (3072K)
 Metaspace       used 28367K, committed 28608K, reserved 1081344K
  class space    used 3818K, committed 3904K, reserved 1048576K
}
Event: 76.134 GC heap after
{Heap after GC invocations=8 (full 0):
 garbage-first heap   total 57344K, used 20331K [0x0000000080000000, 0x0000000100000000)
  region size 1024K, 3 young (3072K), 3 survivors (3072K)
 Metaspace       used 28367K, committed 28608K, reserved 1081344K
  class space    used 3818K, committed 3904K, reserved 1048576K
}
Event: 79.996 GC heap before
{Heap before GC invocations=8 (full 0):
 garbage-first heap   total 57344K, used 41835K [0x0000000080000000, 0x0000000100000000)
  region size 1024K, 24 young (24576K), 3 survivors (3072K)
 Metaspace       used 31458K, committed 31808K, reserved 1081344K
  class space    used 4289K, committed 4416K, reserved 1048576K
}
Event: 80.005 GC heap after
{Heap after GC invocations=9 (full 0):
 garbage-first heap   total 57344K, used 21357K [0x0000000080000000, 0x0000000100000000)
  region size 1024K, 3 young (3072K), 3 survivors (3072K)
 Metaspace       used 31458K, committed 31808K, reserved 1081344K
  class space    used 4289K, committed 4416K, reserved 1048576K
}
Event: 84.313 GC heap before
{Heap before GC invocations=9 (full 0):
 garbage-first heap   total 57344K, used 42861K [0x0000000080000000, 0x0000000100000000)
  region size 1024K, 24 young (24576K), 3 survivors (3072K)
 Metaspace       used 35343K, committed 35712K, reserved 1081344K
  class space    used 4891K, committed 5056K, reserved 1048576K
}
Event: 84.320 GC heap after
{Heap after GC invocations=10 (full 0):
 garbage-first heap   total 57344K, used 22653K [0x0000000080000000, 0x0000000100000000)
  region size 1024K, 3 young (3072K), 3 survivors (3072K)
 Metaspace       used 35343K, committed 35712K, reserved 1081344K
  class space    used 4891K, committed 5056K, reserved 1048576K
}
Event: 84.476 GC heap before
{Heap before GC invocations=10 (full 0):
 garbage-first heap   total 57344K, used 23677K [0x0000000080000000, 0x0000000100000000)
  region size 1024K, 5 young (5120K), 3 survivors (3072K)
 Metaspace       used 35824K, committed 36096K, reserved 1081344K
  class space    used 4910K, committed 5056K, reserved 1048576K
}
Event: 84.482 GC heap after
{Heap after GC invocations=11 (full 0):
 garbage-first heap   total 57344K, used 23091K [0x0000000080000000, 0x0000000100000000)
  region size 1024K, 2 young (2048K), 2 survivors (2048K)
 Metaspace       used 35824K, committed 36096K, reserved 1081344K
  class space    used 4910K, committed 5056K, reserved 1048576K
}

