# JRE version: OpenJDK Runtime Environment (17.0.6) (build 17.0.6+0-b2043.56-9586694)
# Java VM: OpenJDK 64-Bit Server VM (17.0.6+0-b2043.56-9586694, mixed mode, tiered, compressed oops, compressed class ptrs, g1 gc, windows-amd64)
GC Precious Log:
 CPUs: 4 total, 4 available
 Memory: 3521M
 Large Page Support: Disabled
 NUMA Support: Disabled
 Compressed Oops: Enabled (32-bit)
 Heap Region Size: 1M
 Heap Min Capacity: 8M
 Heap Initial Capacity: 56M
 Heap Max Capacity: 2G
 Pre-touch: Disabled
 Parallel Workers: 4
 Concurrent Workers: 1
 Concurrent Refinement Workers: 4
 Periodic GC: Disabled
Heap:
 garbage-first heap   total 71680K, used 46105K [0x0000000080000000, 0x0000000100000000)
  region size 1024K, 3 young (3072K), 2 survivors (2048K)
 Metaspace       used 51686K, committed 52160K, reserved 1097728K
  class space    used 6828K, committed 7040K, reserved 1048576K
GC Heap History (20 events):
Event: 25.735 GC heap before
{Heap before GC invocations=12 (full 0):
 garbage-first heap   total 57344K, used 43480K [0x0000000080000000, 0x0000000100000000)
  region size 1024K, 19 young (19456K), 3 survivors (3072K)
 Metaspace       used 40961K, committed 41344K, reserved 1089536K
  class space    used 5431K, committed 5632K, reserved 1048576K
}
Event: 25.749 GC heap after
{Heap after GC invocations=13 (full 0):
 garbage-first heap   total 57344K, used 28035K [0x0000000080000000, 0x0000000100000000)
  region size 1024K, 2 young (2048K), 2 survivors (2048K)
 Metaspace       used 40961K, committed 41344K, reserved 1089536K
  class space    used 5431K, committed 5632K, reserved 1048576K
}
Event: 25.875 GC heap before
{Heap before GC invocations=13 (full 0):
 garbage-first heap   total 57344K, used 29059K [0x0000000080000000, 0x0000000100000000)
  region size 1024K, 5 young (5120K), 2 survivors (2048K)
 Metaspace       used 41154K, committed 41536K, reserved 1089536K
  class space    used 5452K, committed 5632K, reserved 1048576K
}
Event: 25.879 GC heap after
{Heap after GC invocations=14 (full 0):
 garbage-first heap   total 69632K, used 28939K [0x0000000080000000, 0x0000000100000000)
  region size 1024K, 1 young (1024K), 1 survivors (1024K)
 Metaspace       used 41154K, committed 41536K, reserved 1089536K
  class space    used 5452K, committed 5632K, reserved 1048576K
}
Event: 26.986 GC heap before
{Heap before GC invocations=14 (full 0):
 garbage-first heap   total 69632K, used 55563K [0x0000000080000000, 0x0000000100000000)
  region size 1024K, 24 young (24576K), 1 survivors (1024K)
 Metaspace       used 43552K, committed 43968K, reserved 1089536K
  class space    used 5718K, committed 5888K, reserved 1048576K
}
Event: 26.993 GC heap after
{Heap after GC invocations=15 (full 0):
 garbage-first heap   total 69632K, used 30862K [0x0000000080000000, 0x0000000100000000)
  region size 1024K, 3 young (3072K), 3 survivors (3072K)
 Metaspace       used 43552K, committed 43968K, reserved 1089536K
  class space    used 5718K, committed 5888K, reserved 1048576K
}
Event: 29.152 GC heap before
{Heap before GC invocations=15 (full 0):
 garbage-first heap   total 69632K, used 53390K [0x0000000080000000, 0x0000000100000000)
  region size 1024K, 25 young (25600K), 3 survivors (3072K)
 Metaspace       used 47139K, committed 47552K, reserved 1097728K
  class space    used 6195K, committed 6400K, reserved 1048576K
}
Event: 29.161 GC heap after
{Heap after GC invocations=16 (full 0):
 garbage-first heap   total 69632K, used 32604K [0x0000000080000000, 0x0000000100000000)
  region size 1024K, 2 young (2048K), 2 survivors (2048K)
 Metaspace       used 47139K, committed 47552K, reserved 1097728K
  class space    used 6195K, committed 6400K, reserved 1048576K
}
Event: 30.755 GC heap before
{Heap before GC invocations=16 (full 0):
 garbage-first heap   total 69632K, used 54108K [0x0000000080000000, 0x0000000100000000)
  region size 1024K, 23 young (23552K), 2 survivors (2048K)
 Metaspace       used 49984K, committed 50368K, reserved 1097728K
  class space    used 6624K, committed 6784K, reserved 1048576K
}
Event: 30.759 GC heap after
{Heap after GC invocations=17 (full 0):
 garbage-first heap   total 69632K, used 33160K [0x0000000080000000, 0x0000000100000000)
  region size 1024K, 3 young (3072K), 3 survivors (3072K)
 Metaspace       used 49984K, committed 50368K, reserved 1097728K
  class space    used 6624K, committed 6784K, reserved 1048576K
}
Event: 35.313 GC heap before
{Heap before GC invocations=18 (full 0):
 garbage-first heap   total 69632K, used 54664K [0x0000000080000000, 0x0000000100000000)
  region size 1024K, 24 young (24576K), 3 survivors (3072K)
 Metaspace       used 51197K, committed 51648K, reserved 1097728K
  class space    used 6777K, committed 6976K, reserved 1048576K
}
Event: 35.320 GC heap after
{Heap after GC invocations=19 (full 0):
 garbage-first heap   total 69632K, used 35201K [0x0000000080000000, 0x0000000100000000)
  region size 1024K, 3 young (3072K), 3 survivors (3072K)
 Metaspace       used 51197K, committed 51648K, reserved 1097728K
  class space    used 6777K, committed 6976K, reserved 1048576K
}
Event: 37.644 GC heap before
{Heap before GC invocations=19 (full 0):
 garbage-first heap   total 69632K, used 47489K [0x0000000080000000, 0x0000000100000000)
  region size 1024K, 17 young (17408K), 3 survivors (3072K)
 Metaspace       used 51645K, committed 52160K, reserved 1097728K
  class space    used 6822K, committed 7040K, reserved 1048576K
}
Event: 37.651 GC heap after
{Heap after GC invocations=20 (full 0):
 garbage-first heap   total 69632K, used 36045K [0x0000000080000000, 0x0000000100000000)
  region size 1024K, 1 young (1024K), 1 survivors (1024K)
 Metaspace       used 51645K, committed 52160K, reserved 1097728K
  class space    used 6822K, committed 7040K, reserved 1048576K
}
Event: 37.805 GC heap before
{Heap before GC invocations=21 (full 0):
 garbage-first heap   total 69632K, used 37069K [0x0000000080000000, 0x0000000100000000)
  region size 1024K, 2 young (2048K), 1 survivors (1024K)
 Metaspace       used 51647K, committed 52160K, reserved 1097728K
  class space    used 6823K, committed 7040K, reserved 1048576K
}
Event: 37.809 GC heap after
{Heap after GC invocations=22 (full 0):
 garbage-first heap   total 69632K, used 37069K [0x0000000080000000, 0x0000000100000000)
  region size 1024K, 1 young (1024K), 1 survivors (1024K)
 Metaspace       used 51647K, committed 52160K, reserved 1097728K
  class space    used 6823K, committed 7040K, reserved 1048576K
}
Event: 38.321 GC heap before
{Heap before GC invocations=23 (full 0):
 garbage-first heap   total 69632K, used 38093K [0x0000000080000000, 0x0000000100000000)
  region size 1024K, 3 young (3072K), 1 survivors (1024K)
 Metaspace       used 51675K, committed 52160K, reserved 1097728K
  class space    used 6828K, committed 7040K, reserved 1048576K
}
Event: 38.325 GC heap after
{Heap after GC invocations=24 (full 0):
 garbage-first heap   total 69632K, used 39456K [0x0000000080000000, 0x0000000100000000)
  region size 1024K, 3 young (3072K), 3 survivors (3072K)
 Metaspace       used 51675K, committed 52160K, reserved 1097728K
  class space    used 6828K, committed 7040K, reserved 1048576K
}
Event: 38.749 GC heap before
{Heap before GC invocations=25 (full 0):
 garbage-first heap   total 71680K, used 42528K [0x0000000080000000, 0x0000000100000000)
  region size 1024K, 6 young (6144K), 3 survivors (3072K)
 Metaspace       used 51686K, committed 52160K, reserved 1097728K
  class space    used 6828K, committed 7040K, reserved 1048576K
}
Event: 38.754 GC heap after
{Heap after GC invocations=26 (full 0):
 garbage-first heap   total 71680K, used 42009K [0x0000000080000000, 0x0000000100000000)
  region size 1024K, 2 young (2048K), 2 survivors (2048K)
 Metaspace       used 51686K, committed 52160K, reserved 1097728K
  class space    used 6828K, committed 7040K, reserved 1048576K
}

