# JRE version: OpenJDK Runtime Environment (17.0.6) (build 17.0.6+0-b2043.56-9586694)
# Java VM: OpenJDK 64-Bit Server VM (17.0.6+0-b2043.56-9586694, mixed mode, tiered, compressed oops, compressed class ptrs, g1 gc, windows-amd64)
GC Precious Log:
 CPUs: 4 total, 4 available
 Memory: 3521M
 Large Page Support: Disabled
 NUMA Support: Disabled
 Compressed Oops: Enabled (32-bit)
 Heap Region Size: 1M
 Heap Min Capacity: 8M
 Heap Initial Capacity: 56M
 Heap Max Capacity: 2G
 Pre-touch: Disabled
 Parallel Workers: 4
 Concurrent Workers: 1
 Concurrent Refinement Workers: 4
 Periodic GC: Disabled
Heap:
 garbage-first heap   total 162816K, used 99990K [0x0000000080000000, 0x0000000100000000)
  region size 1024K, 38 young (38912K), 1 survivors (1024K)
 Metaspace       used 74948K, committed 75456K, reserved 1122304K
  class space    used 9862K, committed 10112K, reserved 1048576K
GC Heap History (20 events):
Event: 217.511 GC heap before
{Heap before GC invocations=43 (full 0):
 garbage-first heap   total 89088K, used 66742K [0x0000000080000000, 0x0000000100000000)
  region size 1024K, 17 young (17408K), 1 survivors (1024K)
 Metaspace       used 61582K, committed 62080K, reserved 1105920K
  class space    used 8039K, committed 8256K, reserved 1048576K
}
Event: 217.519 GC heap after
{Heap after GC invocations=44 (full 0):
 garbage-first heap   total 89088K, used 51570K [0x0000000080000000, 0x0000000100000000)
  region size 1024K, 3 young (3072K), 3 survivors (3072K)
 Metaspace       used 61582K, committed 62080K, reserved 1105920K
  class space    used 8039K, committed 8256K, reserved 1048576K
}
Event: 220.190 GC heap before
{Heap before GC invocations=44 (full 0):
 garbage-first heap   total 89088K, used 60786K [0x0000000080000000, 0x0000000100000000)
  region size 1024K, 14 young (14336K), 3 survivors (3072K)
 Metaspace       used 63630K, committed 64192K, reserved 1105920K
  class space    used 8294K, committed 8512K, reserved 1048576K
}
Event: 220.206 GC heap after
{Heap after GC invocations=45 (full 0):
 garbage-first heap   total 89088K, used 53032K [0x0000000080000000, 0x0000000100000000)
  region size 1024K, 3 young (3072K), 3 survivors (3072K)
 Metaspace       used 63630K, committed 64192K, reserved 1105920K
  class space    used 8294K, committed 8512K, reserved 1048576K
}
Event: 220.651 GC heap before
{Heap before GC invocations=46 (full 0):
 garbage-first heap   total 102400K, used 64296K [0x0000000080000000, 0x0000000100000000)
  region size 1024K, 12 young (12288K), 3 survivors (3072K)
 Metaspace       used 63636K, committed 64192K, reserved 1105920K
  class space    used 8294K, committed 8512K, reserved 1048576K
}
Event: 220.702 GC heap after
{Heap after GC invocations=47 (full 0):
 garbage-first heap   total 102400K, used 58848K [0x0000000080000000, 0x0000000100000000)
  region size 1024K, 3 young (3072K), 3 survivors (3072K)
 Metaspace       used 63636K, committed 64192K, reserved 1105920K
  class space    used 8294K, committed 8512K, reserved 1048576K
}
Event: 224.139 GC heap before
{Heap before GC invocations=48 (full 0):
 garbage-first heap   total 107520K, used 77280K [0x0000000080000000, 0x0000000100000000)
  region size 1024K, 20 young (20480K), 3 survivors (3072K)
 Metaspace       used 65382K, committed 65920K, reserved 1114112K
  class space    used 8527K, committed 8768K, reserved 1048576K
}
Event: 224.176 GC heap after
{Heap after GC invocations=49 (full 0):
 garbage-first heap   total 107520K, used 57265K [0x0000000080000000, 0x0000000100000000)
  region size 1024K, 2 young (2048K), 2 survivors (2048K)
 Metaspace       used 65382K, committed 65920K, reserved 1114112K
  class space    used 8527K, committed 8768K, reserved 1048576K
}
Event: 228.415 GC heap before
{Heap before GC invocations=49 (full 0):
 garbage-first heap   total 107520K, used 78769K [0x0000000080000000, 0x0000000100000000)
  region size 1024K, 23 young (23552K), 2 survivors (2048K)
 Metaspace       used 66951K, committed 67520K, reserved 1114112K
  class space    used 8718K, committed 8960K, reserved 1048576K
}
Event: 228.450 GC heap after
{Heap after GC invocations=50 (full 0):
 garbage-first heap   total 107520K, used 58835K [0x0000000080000000, 0x0000000100000000)
  region size 1024K, 3 young (3072K), 3 survivors (3072K)
 Metaspace       used 66951K, committed 67520K, reserved 1114112K
  class space    used 8718K, committed 8960K, reserved 1048576K
}
Event: 237.631 GC heap before
{Heap before GC invocations=51 (full 0):
 garbage-first heap   total 107520K, used 81363K [0x0000000080000000, 0x0000000100000000)
  region size 1024K, 25 young (25600K), 3 survivors (3072K)
 Metaspace       used 69316K, committed 69824K, reserved 1114112K
  class space    used 9028K, committed 9280K, reserved 1048576K
}
Event: 237.685 GC heap after
{Heap after GC invocations=52 (full 0):
 garbage-first heap   total 107520K, used 59236K [0x0000000080000000, 0x0000000100000000)
  region size 1024K, 3 young (3072K), 3 survivors (3072K)
 Metaspace       used 69316K, committed 69824K, reserved 1114112K
  class space    used 9028K, committed 9280K, reserved 1048576K
}
Event: 238.029 GC heap before
{Heap before GC invocations=52 (full 0):
 garbage-first heap   total 107520K, used 61284K [0x0000000080000000, 0x0000000100000000)
  region size 1024K, 5 young (5120K), 3 survivors (3072K)
 Metaspace       used 69548K, committed 70016K, reserved 1114112K
  class space    used 9062K, committed 9280K, reserved 1048576K
}
Event: 238.070 GC heap after
{Heap after GC invocations=53 (full 0):
 garbage-first heap   total 107520K, used 59209K [0x0000000080000000, 0x0000000100000000)
  region size 1024K, 1 young (1024K), 1 survivors (1024K)
 Metaspace       used 69548K, committed 70016K, reserved 1114112K
  class space    used 9062K, committed 9280K, reserved 1048576K
}
Event: 258.997 GC heap before
{Heap before GC invocations=53 (full 0):
 garbage-first heap   total 107520K, used 82761K [0x0000000080000000, 0x0000000100000000)
  region size 1024K, 24 young (24576K), 1 survivors (1024K)
 Metaspace       used 70788K, committed 71360K, reserved 1114112K
  class space    used 9230K, committed 9472K, reserved 1048576K
}
Event: 259.219 GC heap after
{Heap after GC invocations=54 (full 0):
 garbage-first heap   total 107520K, used 60945K [0x0000000080000000, 0x0000000100000000)
  region size 1024K, 3 young (3072K), 3 survivors (3072K)
 Metaspace       used 70788K, committed 71360K, reserved 1114112K
  class space    used 9230K, committed 9472K, reserved 1048576K
}
Event: 264.868 GC heap before
{Heap before GC invocations=55 (full 0):
 garbage-first heap   total 114688K, used 83473K [0x0000000080000000, 0x0000000100000000)
  region size 1024K, 25 young (25600K), 3 survivors (3072K)
 Metaspace       used 70826K, committed 71360K, reserved 1114112K
  class space    used 9235K, committed 9472K, reserved 1048576K
}
Event: 264.951 GC heap after
{Heap after GC invocations=56 (full 0):
 garbage-first heap   total 114688K, used 62700K [0x0000000080000000, 0x0000000100000000)
  region size 1024K, 2 young (2048K), 2 survivors (2048K)
 Metaspace       used 70826K, committed 71360K, reserved 1114112K
  class space    used 9235K, committed 9472K, reserved 1048576K
}
Event: 266.200 GC heap before
{Heap before GC invocations=56 (full 0):
 garbage-first heap   total 114688K, used 65772K [0x0000000080000000, 0x0000000100000000)
  region size 1024K, 5 young (5120K), 2 survivors (2048K)
 Metaspace       used 71017K, committed 71552K, reserved 1114112K
  class space    used 9243K, committed 9472K, reserved 1048576K
}
Event: 266.265 GC heap after
{Heap after GC invocations=57 (full 0):
 garbage-first heap   total 162816K, used 63126K [0x0000000080000000, 0x0000000100000000)
  region size 1024K, 1 young (1024K), 1 survivors (1024K)
 Metaspace       used 71017K, committed 71552K, reserved 1114112K
  class space    used 9243K, committed 9472K, reserved 1048576K
}

