# JRE version: OpenJDK Runtime Environment (17.0.6) (build 17.0.6+0-b2043.56-9586694)
# Java VM: OpenJDK 64-Bit Server VM (17.0.6+0-b2043.56-9586694, mixed mode, tiered, compressed oops, compressed class ptrs, g1 gc, windows-amd64)
GC Precious Log:
 CPUs: 4 total, 4 available
 Memory: 3521M
 Large Page Support: Disabled
 NUMA Support: Disabled
 Compressed Oops: Enabled (32-bit)
 Heap Region Size: 1M
 Heap Min Capacity: 8M
 Heap Initial Capacity: 56M
 Heap Max Capacity: 2G
 Pre-touch: Disabled
 Parallel Workers: 4
 Concurrent Workers: 1
 Concurrent Refinement Workers: 4
 Periodic GC: Disabled
Heap:
 garbage-first heap   total 57344K, used 25934K [0x0000000080000000, 0x0000000100000000)
  region size 1024K, 6 young (6144K), 3 survivors (3072K)
 Metaspace       used 36704K, committed 37056K, reserved 1081344K
  class space    used 4970K, committed 5120K, reserved 1048576K
GC Heap History (20 events):
Event: 10.881 GC heap before
{Heap before GC invocations=0 (full 0):
 garbage-first heap   total 57344K, used 12288K [0x0000000080000000, 0x0000000100000000)
  region size 1024K, 13 young (13312K), 0 survivors (0K)
 Metaspace       used 7088K, committed 7296K, reserved 1056768K
  class space    used 608K, committed 704K, reserved 1048576K
}
Event: 12.236 GC heap after
{Heap after GC invocations=1 (full 0):
 garbage-first heap   total 57344K, used 3659K [0x0000000080000000, 0x0000000100000000)
  region size 1024K, 2 young (2048K), 2 survivors (2048K)
 Metaspace       used 7088K, committed 7296K, reserved 1056768K
  class space    used 608K, committed 704K, reserved 1048576K
}
Event: 23.984 GC heap before
{Heap before GC invocations=1 (full 0):
 garbage-first heap   total 57344K, used 21067K [0x0000000080000000, 0x0000000100000000)
  region size 1024K, 17 young (17408K), 2 survivors (2048K)
 Metaspace       used 11093K, committed 11264K, reserved 1064960K
  class space    used 1163K, committed 1280K, reserved 1048576K
}
Event: 23.993 GC heap after
{Heap after GC invocations=2 (full 0):
 garbage-first heap   total 57344K, used 9570K [0x0000000080000000, 0x0000000100000000)
  region size 1024K, 3 young (3072K), 3 survivors (3072K)
 Metaspace       used 11093K, committed 11264K, reserved 1064960K
  class space    used 1163K, committed 1280K, reserved 1048576K
}
Event: 29.520 GC heap before
{Heap before GC invocations=2 (full 0):
 garbage-first heap   total 57344K, used 26978K [0x0000000080000000, 0x0000000100000000)
  region size 1024K, 20 young (20480K), 3 survivors (3072K)
 Metaspace       used 11179K, committed 11328K, reserved 1064960K
  class space    used 1164K, committed 1280K, reserved 1048576K
}
Event: 29.526 GC heap after
{Heap after GC invocations=3 (full 0):
 garbage-first heap   total 57344K, used 10212K [0x0000000080000000, 0x0000000100000000)
  region size 1024K, 1 young (1024K), 1 survivors (1024K)
 Metaspace       used 11179K, committed 11328K, reserved 1064960K
  class space    used 1164K, committed 1280K, reserved 1048576K
}
Event: 41.289 GC heap before
{Heap before GC invocations=3 (full 0):
 garbage-first heap   total 57344K, used 38884K [0x0000000080000000, 0x0000000100000000)
  region size 1024K, 28 young (28672K), 1 survivors (1024K)
 Metaspace       used 17877K, committed 18112K, reserved 1064960K
  class space    used 2062K, committed 2176K, reserved 1048576K
}
Event: 41.299 GC heap after
{Heap after GC invocations=4 (full 0):
 garbage-first heap   total 57344K, used 16707K [0x0000000080000000, 0x0000000100000000)
  region size 1024K, 4 young (4096K), 4 survivors (4096K)
 Metaspace       used 17877K, committed 18112K, reserved 1064960K
  class space    used 2062K, committed 2176K, reserved 1048576K
}
Event: 46.685 GC heap before
{Heap before GC invocations=4 (full 0):
 garbage-first heap   total 57344K, used 32067K [0x0000000080000000, 0x0000000100000000)
  region size 1024K, 21 young (21504K), 4 survivors (4096K)
 Metaspace       used 21308K, committed 21504K, reserved 1073152K
  class space    used 2579K, committed 2688K, reserved 1048576K
}
Event: 46.694 GC heap after
{Heap after GC invocations=5 (full 0):
 garbage-first heap   total 57344K, used 18165K [0x0000000080000000, 0x0000000100000000)
  region size 1024K, 2 young (2048K), 2 survivors (2048K)
 Metaspace       used 21308K, committed 21504K, reserved 1073152K
  class space    used 2579K, committed 2688K, reserved 1048576K
}
Event: 51.087 GC heap before
{Heap before GC invocations=6 (full 0):
 garbage-first heap   total 57344K, used 37621K [0x0000000080000000, 0x0000000100000000)
  region size 1024K, 22 young (22528K), 2 survivors (2048K)
 Metaspace       used 24562K, committed 24896K, reserved 1073152K
  class space    used 3181K, committed 3328K, reserved 1048576K
}
Event: 51.091 GC heap after
{Heap after GC invocations=7 (full 0):
 garbage-first heap   total 57344K, used 19353K [0x0000000080000000, 0x0000000100000000)
  region size 1024K, 3 young (3072K), 3 survivors (3072K)
 Metaspace       used 24562K, committed 24896K, reserved 1073152K
  class space    used 3181K, committed 3328K, reserved 1048576K
}
Event: 55.932 GC heap before
{Heap before GC invocations=7 (full 0):
 garbage-first heap   total 57344K, used 39833K [0x0000000080000000, 0x0000000100000000)
  region size 1024K, 24 young (24576K), 3 survivors (3072K)
 Metaspace       used 28407K, committed 28672K, reserved 1081344K
  class space    used 3821K, committed 3968K, reserved 1048576K
}
Event: 55.945 GC heap after
{Heap after GC invocations=8 (full 0):
 garbage-first heap   total 57344K, used 20672K [0x0000000080000000, 0x0000000100000000)
  region size 1024K, 3 young (3072K), 3 survivors (3072K)
 Metaspace       used 28407K, committed 28672K, reserved 1081344K
  class space    used 3821K, committed 3968K, reserved 1048576K
}
Event: 61.438 GC heap before
{Heap before GC invocations=8 (full 0):
 garbage-first heap   total 57344K, used 42176K [0x0000000080000000, 0x0000000100000000)
  region size 1024K, 24 young (24576K), 3 survivors (3072K)
 Metaspace       used 31443K, committed 31744K, reserved 1081344K
  class space    used 4285K, committed 4416K, reserved 1048576K
}
Event: 61.446 GC heap after
{Heap after GC invocations=9 (full 0):
 garbage-first heap   total 57344K, used 21813K [0x0000000080000000, 0x0000000100000000)
  region size 1024K, 3 young (3072K), 3 survivors (3072K)
 Metaspace       used 31443K, committed 31744K, reserved 1081344K
  class space    used 4285K, committed 4416K, reserved 1048576K
}
Event: 66.335 GC heap before
{Heap before GC invocations=9 (full 0):
 garbage-first heap   total 57344K, used 43317K [0x0000000080000000, 0x0000000100000000)
  region size 1024K, 24 young (24576K), 3 survivors (3072K)
 Metaspace       used 35341K, committed 35648K, reserved 1081344K
  class space    used 4889K, committed 5056K, reserved 1048576K
}
Event: 66.341 GC heap after
{Heap after GC invocations=10 (full 0):
 garbage-first heap   total 57344K, used 23457K [0x0000000080000000, 0x0000000100000000)
  region size 1024K, 3 young (3072K), 3 survivors (3072K)
 Metaspace       used 35341K, committed 35648K, reserved 1081344K
  class space    used 4889K, committed 5056K, reserved 1048576K
}
Event: 66.384 GC heap before
{Heap before GC invocations=10 (full 0):
 garbage-first heap   total 57344K, used 24481K [0x0000000080000000, 0x0000000100000000)
  region size 1024K, 5 young (5120K), 3 survivors (3072K)
 Metaspace       used 35628K, committed 35968K, reserved 1081344K
  class space    used 4895K, committed 5056K, reserved 1048576K
}
Event: 66.389 GC heap after
{Heap after GC invocations=11 (full 0):
 garbage-first heap   total 57344K, used 23886K [0x0000000080000000, 0x0000000100000000)
  region size 1024K, 3 young (3072K), 3 survivors (3072K)
 Metaspace       used 35628K, committed 35968K, reserved 1081344K
  class space    used 4895K, committed 5056K, reserved 1048576K
}

