# JRE version: OpenJDK Runtime Environment (17.0.6) (build 17.0.6+0-b2043.56-9586694)
# Java VM: OpenJDK 64-Bit Server VM (17.0.6+0-b2043.56-9586694, mixed mode, tiered, compressed oops, compressed class ptrs, g1 gc, windows-amd64)
GC Precious Log:
 CPUs: 4 total, 4 available
 Memory: 3521M
 Large Page Support: Disabled
 NUMA Support: Disabled
 Compressed Oops: Enabled (32-bit)
 Heap Region Size: 1M
 Heap Min Capacity: 8M
 Heap Initial Capacity: 56M
 Heap Max Capacity: 2G
 Pre-touch: Disabled
 Parallel Workers: 4
 Concurrent Workers: 1
 Concurrent Refinement Workers: 4
 Periodic GC: Disabled
Heap:
 garbage-first heap   total 97280K, used 55001K [0x0000000080000000, 0x0000000100000000)
  region size 1024K, 1 young (1024K), 1 survivors (1024K)
 Metaspace       used 63493K, committed 64064K, reserved 1105920K
  class space    used 8329K, committed 8576K, reserved 1048576K
GC Heap History (20 events):
Event: 12.314 GC heap after
{Heap after GC invocations=21 (full 0):
 garbage-first heap   total 82944K, used 32665K [0x0000000080000000, 0x0000000100000000)
  region size 1024K, 2 young (2048K), 2 survivors (2048K)
 Metaspace       used 45791K, committed 46144K, reserved 1089536K
  class space    used 6080K, committed 6272K, reserved 1048576K
}
Event: 13.066 GC heap before
{Heap before GC invocations=21 (full 0):
 garbage-first heap   total 82944K, used 62361K [0x0000000080000000, 0x0000000100000000)
  region size 1024K, 30 young (30720K), 2 survivors (2048K)
 Metaspace       used 50100K, committed 50496K, reserved 1097728K
  class space    used 6642K, committed 6784K, reserved 1048576K
}
Event: 13.073 GC heap after
{Heap after GC invocations=22 (full 0):
 garbage-first heap   total 82944K, used 33460K [0x0000000080000000, 0x0000000100000000)
  region size 1024K, 3 young (3072K), 3 survivors (3072K)
 Metaspace       used 50100K, committed 50496K, reserved 1097728K
  class space    used 6642K, committed 6784K, reserved 1048576K
}
Event: 13.949 GC heap before
{Heap before GC invocations=22 (full 0):
 garbage-first heap   total 82944K, used 61108K [0x0000000080000000, 0x0000000100000000)
  region size 1024K, 31 young (31744K), 3 survivors (3072K)
 Metaspace       used 51379K, committed 51840K, reserved 1097728K
  class space    used 6769K, committed 6976K, reserved 1048576K
}
Event: 13.961 GC heap after
{Heap after GC invocations=23 (full 0):
 garbage-first heap   total 82944K, used 35762K [0x0000000080000000, 0x0000000100000000)
  region size 1024K, 4 young (4096K), 4 survivors (4096K)
 Metaspace       used 51379K, committed 51840K, reserved 1097728K
  class space    used 6769K, committed 6976K, reserved 1048576K
}
Event: 14.308 GC heap before
{Heap before GC invocations=23 (full 0):
 garbage-first heap   total 82944K, used 46002K [0x0000000080000000, 0x0000000100000000)
  region size 1024K, 13 young (13312K), 4 survivors (4096K)
 Metaspace       used 51636K, committed 52160K, reserved 1097728K
  class space    used 6812K, committed 7040K, reserved 1048576K
}
Event: 14.316 GC heap after
{Heap after GC invocations=24 (full 0):
 garbage-first heap   total 82944K, used 42670K [0x0000000080000000, 0x0000000100000000)
  region size 1024K, 4 young (4096K), 4 survivors (4096K)
 Metaspace       used 51636K, committed 52160K, reserved 1097728K
  class space    used 6812K, committed 7040K, reserved 1048576K
}
Event: 14.443 GC heap before
{Heap before GC invocations=25 (full 0):
 garbage-first heap   total 86016K, used 50862K [0x0000000080000000, 0x0000000100000000)
  region size 1024K, 8 young (8192K), 4 survivors (4096K)
 Metaspace       used 51636K, committed 52160K, reserved 1097728K
  class space    used 6812K, committed 7040K, reserved 1048576K
}
Event: 14.446 GC heap after
{Heap after GC invocations=26 (full 0):
 garbage-first heap   total 86016K, used 49488K [0x0000000080000000, 0x0000000100000000)
  region size 1024K, 3 young (3072K), 3 survivors (3072K)
 Metaspace       used 51636K, committed 52160K, reserved 1097728K
  class space    used 6812K, committed 7040K, reserved 1048576K
}
Event: 14.687 GC heap before
{Heap before GC invocations=27 (full 0):
 garbage-first heap   total 91136K, used 62800K [0x0000000080000000, 0x0000000100000000)
  region size 1024K, 14 young (14336K), 3 survivors (3072K)
 Metaspace       used 53083K, committed 53568K, reserved 1097728K
  class space    used 6987K, committed 7232K, reserved 1048576K
}
Event: 14.690 GC heap after
{Heap after GC invocations=28 (full 0):
 garbage-first heap   total 91136K, used 52296K [0x0000000080000000, 0x0000000100000000)
  region size 1024K, 2 young (2048K), 2 survivors (2048K)
 Metaspace       used 53083K, committed 53568K, reserved 1097728K
  class space    used 6987K, committed 7232K, reserved 1048576K
}
Event: 14.988 GC heap before
{Heap before GC invocations=28 (full 0):
 garbage-first heap   total 91136K, used 64584K [0x0000000080000000, 0x0000000100000000)
  region size 1024K, 15 young (15360K), 2 survivors (2048K)
 Metaspace       used 55006K, committed 55488K, reserved 1097728K
  class space    used 7260K, committed 7488K, reserved 1048576K
}
Event: 14.993 GC heap after
{Heap after GC invocations=29 (full 0):
 garbage-first heap   total 91136K, used 52872K [0x0000000080000000, 0x0000000100000000)
  region size 1024K, 1 young (1024K), 1 survivors (1024K)
 Metaspace       used 55006K, committed 55488K, reserved 1097728K
  class space    used 7260K, committed 7488K, reserved 1048576K
}
Event: 15.494 GC heap before
{Heap before GC invocations=30 (full 0):
 garbage-first heap   total 94208K, used 66184K [0x0000000080000000, 0x0000000100000000)
  region size 1024K, 14 young (14336K), 1 survivors (1024K)
 Metaspace       used 57259K, committed 57792K, reserved 1105920K
  class space    used 7579K, committed 7808K, reserved 1048576K
}
Event: 15.498 GC heap after
{Heap after GC invocations=31 (full 0):
 garbage-first heap   total 94208K, used 53613K [0x0000000080000000, 0x0000000100000000)
  region size 1024K, 2 young (2048K), 2 survivors (2048K)
 Metaspace       used 57259K, committed 57792K, reserved 1105920K
  class space    used 7579K, committed 7808K, reserved 1048576K
}
Event: 15.831 GC heap before
{Heap before GC invocations=31 (full 0):
 garbage-first heap   total 94208K, used 68973K [0x0000000080000000, 0x0000000100000000)
  region size 1024K, 17 young (17408K), 2 survivors (2048K)
 Metaspace       used 60368K, committed 60928K, reserved 1105920K
  class space    used 7869K, committed 8128K, reserved 1048576K
}
Event: 15.834 GC heap after
{Heap after GC invocations=32 (full 0):
 garbage-first heap   total 94208K, used 54280K [0x0000000080000000, 0x0000000100000000)
  region size 1024K, 2 young (2048K), 2 survivors (2048K)
 Metaspace       used 60368K, committed 60928K, reserved 1105920K
  class space    used 7869K, committed 8128K, reserved 1048576K
}
Event: 16.335 GC heap before
{Heap before GC invocations=33 (full 0):
 garbage-first heap   total 97280K, used 70664K [0x0000000080000000, 0x0000000100000000)
  region size 1024K, 19 young (19456K), 2 survivors (2048K)
 Metaspace       used 63342K, committed 63808K, reserved 1105920K
  class space    used 8307K, committed 8512K, reserved 1048576K
}
Event: 16.340 GC heap after
{Heap after GC invocations=34 (full 0):
 garbage-first heap   total 97280K, used 55349K [0x0000000080000000, 0x0000000100000000)
  region size 1024K, 3 young (3072K), 3 survivors (3072K)
 Metaspace       used 63342K, committed 63808K, reserved 1105920K
  class space    used 8307K, committed 8512K, reserved 1048576K
}
Event: 16.353 GC heap before
{Heap before GC invocations=34 (full 0):
 garbage-first heap   total 97280K, used 55349K [0x0000000080000000, 0x0000000100000000)
  region size 1024K, 4 young (4096K), 3 survivors (3072K)
 Metaspace       used 63493K, committed 64064K, reserved 1105920K
  class space    used 8329K, committed 8576K, reserved 1048576K
}

